1555591178601	geckodriver	INFO	geckodriver 0.20.0
1555591178779	geckodriver	INFO	Listening on 127.0.0.1:1027
1555591181470	mozrunner::runner	INFO	Running command: "C:\\Program Files (x86)\\Mozilla Firefox\\firefox.exe" "-marionette" "-profile" "C:\\Users\\孙洪斌\\AppData\\Local\\Temp\\rust_mozprofile.UVbZ0oc91QQ3"
1555591185705	Marionette	INFO	Listening on port 1040
1555591185893	Marionette	WARN	TLS certificate errors will be ignored for this session
[Child 5604, Chrome_ChildThread] WARNING: pipe error: 109: file z:/build/build/src/ipc/chromium/src/chrome/common/ipc_channel_win.cc, line 346
[Chi[Child 560ld 17892, 4, ChroChrome_Cme_ChildThread]hildThread] WARNING: pipe error: 109 WARNING: pi: file z:/build/build/src/ipc/pe error: 109: chromfile z:/build/build/srcium/src/ip/chrome/cc/common/ipc_channel_win.cc, line 346
[Child 17892, Chrome_ChildThread] WARNING*** UTM:SVC TimerManager:registerTimer called after profile-before-change notification. Ignoring timer registration for id: telemetry_modules_ping
[GPU 18256, Chrome_Child
###!!! [Child][MessageChannel::SendAndWait] Error: Channel error: cannot send/recv

1555591315952	geckodriver	INFO	geckodriver 0.20.0
1555591315964	geckodriver	INFO	Listening on 127.0.0.1:1060
1555591318982	mozrunner::runner	INFO	Running command: "C:\\Program Files (x86)\\Mozilla Firefox\\firefox.exe" "-marionette" "-profile" "C:\\Users\\孙洪斌\\AppData\\Local\\Temp\\rust_mozprofile.aInqMtpOmVjo"
1555591322060	Marionette	INFO	Listening on port 1069
1555591322170	Marionette	WARN	TLS certificate errors will be ignored for this session
[Child 16748, Chrome_ChildThread] WARNING: pipe error: 109: file z:/build/build/src/ipc/chromium/src/chrome/common/ipc_channel_win.cc, line 346
[Child 16748, Chrome_ChildThread] WARNING: pipe error: 109: file z[Child 7112, Chrome_ChildThread] WARNING: pipe error: 109: file z:/build/build/src/ipc/chromium/src/chrome/common/ipc_channel_win.cc, line 346
[Child 7112, Chro[Child 17444, Chrome_ChildThread] WARNING: pipe error: 109: file z:/build/build/src/ipc/chromium/src/chrome/common/ipc_channel_win.cc, line 346
[Child 17444, Chrome_ChildThread*** UTM:SVC TimerManager:registerTimer called after profile-before-change notification. Ignoring timer registration for id: telemetry_modules_ping
[GPU 5236, Chrome_ChildT
###!!! [Child][MessageChannel::SendAndWait] Error: Channel error: cannot send/recv

1555591435178	geckodriver	INFO	geckodriver 0.20.0
1555591435192	geckodriver	INFO	Listening on 127.0.0.1:1087
1555591438217	mozrunner::runner	INFO	Running command: "C:\\Program Files (x86)\\Mozilla Firefox\\firefox.exe" "-marionette" "-profile" "C:\\Users\\孙洪斌\\AppData\\Local\\Temp\\rust_mozprofile.QjMMH6NyNqN2"
1555591441149	Marionette	INFO	Listening on port 1096
1555591441367	Marionette	WARN	TLS certificate errors will be ignored for this session
1555591623720	addons.productaddons	WARN	Failed downloading XML, status: 0, reason: error
1555591623734	addons.productaddons	WARN	Failed downloading via XHR, status: 0, reason: error
1555591623738	addons.productaddons	WARN	Failed downloading via XHR, status: 0, reason: error
[Parent 17940, Gecko_IOThread] WARNING: pipe error: 109: file z:/build/build/src/ipc/chromium/src/chrome/common/ipc_channel_win.cc, line 346
[Child 3424, Chrome_ChildThread] WARNING: pipe error: 109: file z:/build/build/src/ipc/chromium/src/chrome/common/ipc_channel_win.cc, line 346
[Child 3424, Chrome_ChildThread] WAR[GPU 8412, Chrome_ChildThread] WARNING: pipe error: 109: file z:/build/build/src/ipc/chromium/src/
###!!! [Child][MessageChannel::SendAnd[Parent 1196, Gecko_IOThread] WARNING: pipe error: 109: file z:/build/build/src/ipc/chromium/src/chrome/common/ipc_channel_win.cc, line 346
[Parent 1196, Gecko_IOThread] WARNING: pipe error: 109: file z:/build/build/src/ipc/chromium/src/chrome/common/ipc_channel_win.cc, line 346
[Child 5660, Chrome_ChildThread] WARNING: pipe error: 109: file z:/build/build/src/ipc/chromium/src/chrome/common/ipc_channel_win.cc, line 346
[Child 5660, Chrome_ChildThread] WAR1555591821975	addons.productaddons	WARN	Failed downloading XML, status: 0, reason: error
1555591821981	addons.productaddons	WARN	Failed downloading via XHR, status: 0, reason: error
1555591821986	addons.productaddons	WARN	Failed downloading via XHR, status: 0, reason: error
[Child 16720, Chrome_ChildThread] WARNING: pipe error: 109: file z:/build/build/src/ipc/chromium/src/chrome/common/ipc_channel_win.cc, line 346
[Child 16024, Chrome_ChildThread] WARNING: pipe error: 109: file z:/build/build/src/ipc/chromium/src/chrome/common/ipc_channel_win.cc, line 346
[Child 16024, Chrome_ChildThread] WARNING: pipe error: 
###!!! [Child][MessageChannel::SendAndWait] Error: Channel error: cannot send/recv

illa Firefox\\firefox.exe" "-marionette" "-profile" "C:\\Users\\孙洪斌\\AppData\\Local\\Temp\\rust_mozprofile.8Bhab9bAIMt3"
1555591764635	Marionette	INFO	Listening on port 12268
1555591764700	Marionette	WARN	TLS certificate errors will be ignored for this session
1555591821971	addons.productaddons	WARN	Failed downloading XML, status: 0, reason: error
1555591821987	addons.productaddons	WARN	Failed downloading via XHR, status: 0, reason: error
1555591821991	addons.productaddons	WARN	Failed downloading via XHR, status: 0, reason: error
[Parent 12644, Gecko_IOThread] WARNING: pipe error: 109: file z:/build/build/src/ipc/chromium/src/chrome/common/ipc_channel_win.cc, line 346
[Child 14084, Chrome_ChildThread] WARNING: pipe error: 109: file z:/build/build/src/ipc/chromium/src/chrome/common/ipc_channel_win.cc, line 346
[Child 17980, Chrome_ChildThread] WARNING: pipe error: 109: file z:/build/build/src/ipc/chromium/src/chrome/common/ipc_channel_win.cc, line 346
[Child 17980, Chrome_ChildThre[Child 20804, Chrome_ChildThread] WARNING: pipe error: 109: file z:/build/build/src/ipc/chromium/src/chrome/common/ipc_channel_win.cc, line 346
[Child 20804, Chrome_ChildThread] WARNING: pipe error: 109: file z:/build/build/src/ipc/chromium/src/chrome/common/ipc_channel_win.cc, line 346
[Parent 6664, Gecko_IOThread] WARNING: pipe error: 109: file z:/build/build/src/ipc/chromium/src/chrome/common/ipc_channel_win.cc, line 346

###!!! [Child][MessageChannel[Child 5336, Chrome_ChildThread] WARNING: pipe error: 109: file z:/build/build/src/ipc/chromium/src/chrome/common/ipc_channel_win.cc, line 346
[Child 5336, Chrome_ChildThread] WARNING: pipe error: 109: file z:/build/build/src/ipc/chromium/src/chrome/common/ipc_channel_win.cc, line 346
[Child 16172, Chrome_ChildThread1555594828704	Marionette	INFO	Listening on port 19152
1555594829676	Marionette	WARN	TLS certificate errors will be ignored for this session
[Child 7896, Chrome_ChildThread] WARNING: pipe error: 109: file z:/build/build/src/ipc/chromium/src/chrome/common/ipc_channel_win.cc, line 346
[Child 12520, Chrome_ChildThread] WARNING: pipe error: 109: file z:/build/build/src/ipc/chromium/src/chrome/common/ipc_channel_win.cc, line 346
[Child 12520, Chrome_ChildThread] WARNIN[Child 19912, Chrome_ChildThread] WARNING: pipe error: 109: file z:/build/build/src/ipc/chromium/src/chrome/common/ipc_channel_win.cc, line 346
[Child 19912, Chrome_ChildThread] WARNING: pipe *** UTM:SVC TimerManager:registerTimer called after profile-before-change notification. Ignoring timer registration for id: telemetry_modules_ping
[GPU 13124, Chrome_ChildThread] WARNING: pipe error: 109: file z:/build/build/src/ipc/chromiu
###!!! [Child][MessageChannel::SendAndWait] Error: Channel error: cannot send/recv

1555594888440	geckodriver	INFO	geckodriver 0.20.0
1555594888453	geckodriver	INFO	Listening on 127.0.0.1:19220
1555594891467	mozrunner::runner	INFO	Running command: "C:\\Program Files (x86)\\Mozilla Firefox\\firefox.exe" "-marionette" "-profile" "C:\\Users\\孙洪斌\\AppData\\Local\\Temp\\rust_mozprofile.ds6Pir7Z3QMD"
1555594894404	Marionette	INFO	Listening on port 19229
1555594894664	Marionette	WARN	TLS certificate errors will be ignored for this session
[Child 10844, Chrome_ChildThread] WARNING: pipe error: 109: file z:/build/build/src/ipc/chromium/src/chrome/common/ipc_channel_win.cc, line 346
[Child 10844, Chrome_ChildThread] WARNING: pipe error: 109: file z:/build/build/src[Child 17528, Chrome_ChildThread] WARNING: pipe error: 109: file z:/build/build/src/ipc/chromium/src/chrome/common/ipc_channel_win.cc, line 346
[Child 17528, Chrome_ChildThread] WARNING: pipe error: 109: file z:/build/build/src/ipc/c[Child 21436, Chrome_ChildThread] WARNING: pipe error: 109: file z:/build/build/src/ipc/chromium/src/chrome/common/ipc_channel_win.cc, line 346
[Child 21436, Chrome_ChildThread] WARNING: pipe error: 109: file[Chi z:/ld 1build/build/src/i3896, Chrome_ChildThread] WARNING: pipe error: 109: file z:/build/build/src/ipc/chromium/src/chrome/common/ipc_channel_win.cc, line 346
[Child 13896, Chrome_ChildThread] WARNING: pipe error: 109: file z:/build/build/src/ipc[Child 13368, Chrome_ChildThread] WARNING: pipe error: 109: file z:/build/build/src/ipc/chromium/src/chrome/common/ipc_channel_win.cc, line 346
[Child 13368, Chrome_ChildThread][Chi WAld 6RNIN556, GChrome_ChildThread] WARNING: pipe error: 109: file z:/build/build/src/ipc/chromium/src/chrome/common/ipc_channel_win.cc, line 346
[Child 6556, Chrome_ChildThread] WARNING: pipe error: 109: file z:/bu[GPU 1064, Chrome
###!!! [Child][MessageChannel::SendAndWait] [Child 18056, Chrome_ChildThread] WARNING: pipe error: 109: file z:/build/build/src/ipc/chromium/src/chrome/common/ipc_channel_win.cc, line 346
[Child 18056, Chrome_ChildThread] [Child 18684, Chrome_ChildThread] WARNING: pipe error: 109: file z:/build/build/src/ipc/chromium/src/chrome/common/ipc_channel_win.cc, line 346
[Child 18684, Chrome_ChildTh
###!!! [Child][MessageChannel::SendAndWait] Error: Channel error: cannot send/recv

red for this session
[Child 22012, Chrome_ChildThread] WARNING: pipe error: 109: file z:/build/build/src/ipc/chromium/src/chrome/common/ipc_channel_win.cc, line 346
[Parent 8784, Gecko_IOThread] WARNING: pipe error: 109: file z:/build/build/src/ipc/chromium/src/chrome/common/ipc_channel_win.cc, line 346
[Child 21832, Chrome_ChildThread] WARNING: pipe error: 109: file z:/build/build/src/ipc/chromium/src/chrome/common/ipc_channel_win.cc, line 346
[Child 21832, Chrome_ChildThread] WARNING: pipe error: 109: file z:/build/build/src/ipc/chromium/src/chrome/common/ipc_channel_win.cc, line 34
###!!! [Child][MessageChannel::SendAndWait] Error: Channel e[Parent 22104, Gecko_IOThread] WARNING: pipe error: 109: file z:/build/build/src/ipc/chromium/src/chrome/common/ipc_channel_win.cc, line 346
[Child 21460, Chrome_ChildThread] WARNING: pipe error: 109: file z:/build/build/src/ipc/chromium/src/chrome/common/ipc_channel_win.cc, line 346
[Parent 22104, Gecko_IOThread] WARNING: pipe error: 109: file z:/build/build/src/ipc/chromium/src/chrome/common/ipc_channel_win.cc, line 346
[Child 17060, Chrome_ChildThread] WARNING: pipe error: 109: file z:/build/build/src/ipc/chromium/src/chrome/common/ipc_channel_win.cc, line 346
[Child 17060, Chrom
###!!! [Child][MessageChannel::SendAndWait] Error: Channel error: cannot send/recv

.productaddons	WARN	Failed downloading XML, status: 0, reason: timeout
1555595650250	addons.productaddons	WARN	Failed downloading via XHR, status: 0, reason: error
[Parent 19672, Gecko_IOThread] WARNING: pipe error: 109: file z:/build/build/src/ipc/chromium/src/chrome/common/ipc_channel_win.cc, line 346
[Child 22520, Chrome_ChildThread] WARNING: pipe error: 109: file z:/build/build/src/ipc/chromium/src/chrome/common/ipc_channel_win.cc, line 346
[Child 4520, Chrome_ChildThread] WARNING: pipe error: 109: file z:/build/build/src/ipc/chromium/src/chrome/common/ipc_channel_win.cc, line 346
[Child 4520, Chrome_ChildThread] WARNING: pipe erro[Parent 19672, Gecko_IOThread] WARNING: pipe error: 109: file z:/build/build/src/ipc/chromium/src/chrome/common/ipc_channel_win.cc, line 346

###!!! [Child][MessageChannel::SendAndWait] Error: Channel error: cannot send/recv

s/shared/base-loader.js -> resource://devtools/server/actors/inspector/css-logic.js", 125))
highlight@resource://devtools/shared/base-loader.js -> resource://devtools/server/actors/inspector/css-logic.js:125:9
getApplied@resource://devtools/shared/base-loader.js -> resource://devtools/server/actors/styles.js:464:5
handler@resource://devtools/shared/base-loader.js -> resource://devtools/shared/protocol.js:1141:19
onPacket@resource://devtools/shared/base-loader.js -> resource://devtools/server/main.js:1761:15
receiveMessage@resource://devtools/shared/base-loader.js -> resource://devtools/shared/transport/transport.js:735:7
console.error: "Protocol error (unknownError): can't access dead object"
console.error: "Protocol error (unknownError): can't access dead object"
console.error: "Protocol error (unknownError): can't access dead object"
console.error: (new TypeError("can't access dead object", "resource://devtools/shared/base-loader.js -> resource://devtools/server/actors/inspector/walker.js", 420))
documentElement@resource://devtools/shared/base-loader.js -> resource://devtools/server/actors/inspector/walker.js:420:1
handler@resource://devtools/shared/base-loader.js -> resource://devtools/shared/protocol.js:1141:19
onPacket@resource://devtools/shared/base-loader.js -> resource://devtools/server/main.js:1761:15
receiveMessage@resource://devtools/shared/base-loader.js -> resource://devtools/shared/transport/transport.js:735:7
console.error: "Protocol error (unknownError): can't access dead object"
[Parent 23464, Gecko_IOThread] WARNING: pipe error: 109: file z:/build/build/src/ipc/chromium/src/chrome/common/ipc_channel_win.cc, line 346
[Parent 23464, Gecko_IOThread] WARNING: pipe error: 109: file z:/build/build/src/ipc/chromium/src/chrome/common/ipc_channel_win.cc, line 346
[Child 18468, Chrome_ChildThread] WARNING: pipe error: 109: file z:/build/build/src/ipc/chromium/src/chrome/common/ipc_channel_win.cc, line 346
[Child 13248, Chrome_ChildThread] WARNING: pipe error: 109: file z:/build/build/src/ipc/chromium/src/chrome/common/ipc_channel_win.cc, line 346
[Child 13248, Chrome_ChildThr
###!!! [Child][MessageChannel::SendAndWait] Error: Channel error: cannot send/recv

ading via XHR, status: 0, reason: error
*** UTM:SVC TimerManager:registerTimer called after profile-before-change notification. Ignoring timer registration for id: telemetry_modules_ping
[GPU 24408, Chrome_ChildTh
###!!! [Child][MessageChannel::SendAndWait] Error: Channel error: cannot send/recv

1555597213106	geckodriver	INFO	geckodriver 0.20.0
1555597213148	geckodriver	INFO	Listening on 127.0.0.1:22192
1555597216192	mozrunner::runner	INFO	Running command: "C:\\Program Files (x86)\\Mozilla Firefox\\firefox.exe" "-marionette" "-profile" "C:\\Users\\孙洪斌\\AppData\\Local\\Temp\\rust_mozprofile.USnY6rDwBLG6"
1555597220128	Marionette	INFO	Listening on port 22221
1555597220494	Marionette	WARN	TLS certificate errors will be ignored for this session
[[GPU 14460, Chrome_Chi
###!!! [Child][MessageChannel::SendAndWait] Error: Channel error: cannot send/recv

555597238092	mozrunner::runner	INFO	Running command: "C:\\Program Files (x86)\\Mozilla Firefox\\firefox.exe" "-marionette" "-profile" "C:\\Users\\孙洪斌\\AppData\\Local\\Temp\\rust_mozprofile.cANcQEc4UGHC"
1555597241593	Marionette	INFO	Listening on port 22313
1555597241740	Marionette	WARN	TLS certificate errors will be ignored for this session
[Child 10992, Chrome_ChildThread] WARNING: pipe error: 109: file z:/build/build/src/ipc/chromium/src/chrome/common/ipc_channel_win.cc, line 346
[Child 14116, Chrome_ChildThread] WARNING: pipe error: 109: file z:/build/build/src/ipc/chromium/src/chrome/common/ipc_channel_win.cc, line 346
[Child 14116, Chrome_ChildThre1555597302009	Marionette	INFO	Listening on port 22480
1555597302131	Marionette	WARN	TLS certificate errors will be ignored for this session
[Child 22132, Chrome_ChildThread] WARNING: pipe error: 109: file z:/build/build/src/ipc/chromium/src/chrome/common/ipc_channel_win.cc, line 346
[Child 8864, Chrome_ChildThread] WARNING: pipe error: 109: file z:/build/build/src/ipc/chromium/src/chrome/common/ipc_channel_win.cc, line 346
[Child 8864, Chrome[Parent 19172, Gecko_IOThread] WARNING: pipe error: 109: file z:/build/build/src/ipc/chromium/src/chrome/common/ipc_channel_win.cc, line 346
[Chil[GPU 1436, Chrome_ChildThread] WARNING: pipe error: 109: file z:/build/build/src/ipc/ch
###!!! [Child][MessageChannel::SendAndWait] Error: Channel error: cannot send/recv


1555597335810	geckodriver	INFO	Listening on 127.0.0.1:22586
1555597338845	mozrunner::runner	INFO	Running command: "C:\\Program Files (x86)\\Mozilla Firefox\\firefox.exe" "-marionette" "-profile" "C:\\Users\\孙洪斌\\AppData\\Local\\Temp\\rust_mozprofile.724oLNRIlD6A"
1555597341944	Marionette	INFO	Listening on port 22598
1555597342004	Marionette	WARN	TLS certificate errors will be ignored for this session
[Parent 23944, Gecko_IOThread] WARNING: pipe error: 109: file z:/build/build/src/ipc/chromium/src/chrome/commo1555597363408	mozrunner::runner	INFO	Running command: "C:\\Program Files (x86)\\Mozilla Firefox\\firefox.exe" "-marionette" "-profile" "C:\\Users\\孙洪斌\\AppData\\Local\\Temp\\rust_mozprofile.ZLuGAiJlQkzg"
1555597366396	Marionette	INFO	Listening on port 22711
1555597366652	Marionette	WARN	TLS certificate errors will be ignored for this session
[Child 23940, Chrome_ChildThread] WARNING: pipe error: 109: file z:/build/build/src/ipc/chromium/src/chrome/common/ipc_channel_win.cc, line 346

###!!! [Child][MessageChannel::SendAndWait] Error: Channel error: cannot send/recv

pipe error: 109: file z:/build/build/src/ipc/*** UTM:SVC TimerManager:registerTimer called after profile-before-change notification. Ignoring timer registration for id: telemetry_modules_ping

###!!! [Child][MessageChannel::SendAndWait] Error: Channel error: cannot send/recv

1555597437274	geckodriver	INFO	geckodriver 0.20.0
1555597437289	geckodriver	INFO	Listening on 127.0.0.1:22905
1555597440316	mozrunner::runner	INFO	Running command: "C:\\Program Files (x86)\\Mozilla Firefox\\firefox.exe" "-marionette" "-profile" "C:\\Users\\孙洪斌\\AppData\\Local\\Temp\\rust_mozprofile.cHbnVbLTLDrx"
1555597443838	Marionette	INFO	Listening on port 22918
1555597444009	Marionette	WARN	TLS certificate errors will be ignored for this session
[Child 6240, Chrome_ChildThread] WARNING: pipe error: 109: file z:/build/build/src/ipc/chromium/src/chrome/common/ipc_channel_win.cc, line 346
[Child [2C1h8i64, Chrome_ChildThreadld]  6W240, Chrome_ChildThread] WARNING: pipe error: 109: file z:/build/buARNild/src/ipc/chromium/src/chrome/common/ipc_cING: pipe errorhannel_win.cc, line 346
: 109: file z:/build/build/src/ipc/chromium/src/chrome/common/ipc_channel_win.cc, line 346
*** UTM:SVC TimerManager:registerTimer called after profile-before-change notification. Ignoring timer registration for id: telemetry_modules_ping
[GPU 13900, Chrome
###!!! [Child][MessageChannel::SendAndWait] Error: Channel error: cannot send/recv

1555597467462	geckodriver	INFO	geckodriver 0.20.0
1555597467478	geckodriver	INFO	Listening on 127.0.0.1:23041
1555597470505	mozrunner::runner	INFO	Running command: "C:\\Program Files (x86)\\Mozilla Firefox\\firefox.exe" "-marionette" "-profile" "C:\\Users\\孙洪斌\\AppData\\Local\\Temp\\rust_mozprofile.W52MUuZ9Igi6"
1555597473603	Marionette	INFO	Listening on port 23055
1555597473647	Marionette	WARN	TLS certificate errors will be ignored for this session
JavaScript error: resource://devtools/shared/base-loader.js -> resource://devtools/server/actors/tab.js, line 1446: TypeError: this._tabPool is null
JavaScript error: resource://devtools/shared/base-loader.js -> resource://devtools/server/actors/tab.js, line 1446: TypeError: this._tabPool is null
JavaScript error: resource://devtools/shared/base-loader.js -> resource://devtools/server/actors/tab.js, line 1446: TypeError: this._tabPool is null
[Parent 22972, Gecko_IOThread] WARNING: pipe error: 109: file z:/build/build/src/ipc/chromium/src/chrome/common/ipc_channel_win.cc, line 346
[GPU 12576, Chrome_ChildThread] WARNING: pipe error: 109
###!!! [Child][MessageChannel::SendAndWait] Error: Channel error: cannot send/recv

p\\rust_mozprofile.IOmDEUpXJJ3r"
1555597817118	Marionette	INFO	Listening on port 1303
1555597817321	Marionette	WARN	TLS certificate errors will be ignored for this session
[Child 20580, Chrome_ChildThread] WARNING: pipe error: 109: file z:/build/build/src/ipc/chromium/src/chrome/common/ipc_channel_win.cc, line 346
[Child 20580, Chrome_ChildThread] WARNING: pipe error: 109: file z:/build/build/src/ipc/chromium/src/chrome/common/ipc_channel_win.cc, line 346
[Child 20880, Chrome_ChildThread] WARNING: pipe error: 109: file z:/build/build/src/ipc/chromium/src/chrome/common/ipc_channel_win.cc, line 346
[Child 20880, Chrome_Chil[Child 15692, Chrome_ChildThread] WARNING: pipe error: 109: file z:/build/build/src/ipc/chromium/src/chrome/common/ipc_channel_win.cc, line 346
[Child 21560, Chrome_ChildThread] WARNING: pipe error: 109: file z:/build/build/src/ipc/chromium/src/chrome/common/ipc_channel_win.cc, line 346
[Child 21560, Chrome_ChildThr[Child 5552, Chrome_ChildThread] WARNING: pipe error: 232: file z:/build/build/src/ipc/chromium/src/chrome/co[Child 21508, Chrome_ChildThread] WARNING: pipe error: 109: file z:/build/build/src/ipc/chromium/src/chrome/common/ipc_channel_win.cc, line 346
[Child 21508, Chrome_ChildThread] WARNING: pipe error: 109: file z:/build/build/src/ipc/chromium/src/chrome/common/ipc_channel_win.cc, line 346

###!!! [Child][MessageChannel::SendAndWait] Error: Channel error: cannot send/recv

hread] WARNING: pipe error: 109: file z:/build/build/src/ipc/chromium/src/chrome/cWarning: getUnicodeUrl failed to get a Unicode URL fromdebugger eval code, reason: TypeError: debugger eval code is not a valid URL.Warning: getUnicodeUrl failed to get a Unicode URL fromdebugger eval code, reason: TypeError: debugger eval code is not a valid URL.[Child 15868, Chrome_ChildThread] WARNING: pipe error: 109: file z:/build/build/src/ipc/chromium/src/chrome/common/ipc_channel_win.cc, line 346
[Child 22096, Chrome_ChildThread] WARNING: pipe error: 109: file z:/build/build/src/ipc/chromium/src/chrome/common/ipc_channel_win.cc, line 346
[Child 22096, Chr[GPU 23440, Chrome_Child
###!!! [Child][MessageChannel::SendAndWait] Error: Channel error: cannot send/recv

te	WARN	TLS certificate errors will be ignored for this session
[Child 6564, Chrome_ChildThread] WARNING: pipe error: 109: file z:/build/build/src/ipc/chromium/src/chrome/common/ipc_channel_win.cc, line 346
[Child 6564, Chrome_ChildThread] WARNING: pi[Parent 21408, Gecko_IOThread] WARNING: pipe error: 109: file z:/build/build/src/ipc/chromium/src/chrome/common/ipc_channel_win.cc, line 346
[GPU 12488, Chrome_Chil
###!!! [Child][MessageChannel::SendAndWait] Error: Channel error: cannot send/recv

1555598516505	geckodriver	INFO	geckodriver 0.20.0
1555598516521	geckodriver	INFO	Listening on 127.0.0.1:3196
1555598519539	mozrunner::runner	INFO	Running command: "C:\\Program Files (x86)\\Mozilla Firefox\\firefox.exe" "-marionette" "-profile" "C:\\Users\\孙洪斌\\AppData\\Local\\Temp\\rust_mozprofile.p5schFgw0CWU"
1555598522601	Marionette	INFO	Listening on port 3220
1555598522700	Marionette	WARN	TLS certificate errors will be ignored for this session
[Child 10068, Chrome_ChildThread] WARNING: pipe error: 1[Child 09: 2193file2, Chrom z:/e_ChbuilildTd/buhreaild/d] Wsrc/iARNIpc/cNG: hrompipeium/ error: 109: file z:/build/build/ssrc/rc/ichropc/cme/chromommoium/srcn/ip/chrc_chaome/commonn/ipnc_echlan_newl_iwinn..ccc, c, llinei 346n
e 346
[Child 2193[C2, hilChrd 10ome068,_ChildT Chhrearome_d] ChiWARNldThING: pipreae erd] WrorARNI: 1NG: 09: pipfile ere zror: 109::/bu filild/e z:bui/buld/sirc/ilpc/chrod/bmiu[Parent 17208, Gecko_IOThread] WARNING: pipe error: 109: file z:/build/build/src/ipc/chromium/src/chrome/common/ipc_channel_win.cc, line 346
[Child 18496, Chrome_ChildThread] WARNING: pipe error: 109: file z:/build/build/src/ipc/chromium/src/chrome/common/ipc_ch
###!!! [Child][MessageChannel::SendAndWait] Error: Channel error: cannot send/recv

 z:/build/build/src/ipc/chromium/src/chrome/common/ipc_channel_win.cc, line 346
[Child 20992, Chrome_ChildTh[Child 23580, Chrome_ChildThread] WARNING: pipe error: 109: file z:/build/build/src/ipc/chromium/src/chrome/common/ipc_channel_win.cc, line 346
[Child 23580, Chrome_ChildThread] WARNING: pipe error: 109: file z:/build/build/src/ipc/chromium/src/chrome/common/ipc_channel_win.cc, line 346
[Child 21548, Chrome_ChildThread] WARNING: pipe error: 109: file z:/build/build/src/ipc/chromium/src/chrome/common/ipc_channel_win.cc, line 346
[Parent 24420, Gecko_IOTh[Child [Child 21688, Chrome_ChildThread] WARNING: pipe error: 109: file z:/build/build/src/ipc/chromium/src/chrome/common/ipc_channel_win.cc, line 346
[Child 21688, Chro[Child 24304, Chrome_ChildThread] WARNING: pipe error: 109: file z:/build/build/src/ipc/chromium/src/chrome/common/ipc_channel_win.cc, line 346
[Child 24304, Chrome_ChildThread] WARNING: pipe error: 109: file z:/build/build/
###!!! [Child][MessageChannel::SendAndWait] Error: Channel erro[Parent 24068, Gecko_IOThread] WARNING: pipe error: 109: file z:/build/build/src/ipc/chromium/src/chrome/common/ipc_channel_win.cc, line 346
[Child 17668, Chrome_ChildThread] WARNING: pipe error: 109: file z:/build/build/src/ipc/chromium/src/chrome/common/ipc_channel_win.cc, line 346
[Child 17668, Chr[Child 13624, Chrome_ChildThread] WARNING: pipe error: 109: file z:/build/build/src/ipc/chromium/src/chrome/common/ipc_channel_win.cc, line 346
[Child 13624, Chrome_ChildThread] [Child 16364, Chrome_ChildThread] WARNING: pipe error: 109: file z:/build/build/src/ipc/chromium/src/chrome/common/ipc_channel_win.cc, line 346
[Child 16364, Chrome_Child[TChhrieladd 16828, Chrome_ChildThread] WARNING: pipe error: 109: file z:/build/build/src/ipc/chromium/src/chrome/common/ipc_channel_win.cc, line 346
[Child 16828, Chrome_ChildThread] WARNING: pipe error: 109: file z:/build/build/src/ipc/chromium/src/chrome/common/ipc_channel_win.cc, lin[Parent 1768, Gecko_IOThread] WARNING: pipe error: 109: file z:/build/build/src/ipc/chromium/src/chrome/common/ipc_channel_win.cc, line 346
[Parent 1768, Gecko_IOThread] WARNING: pipe error: 109: file z:/build/build/src/ipc/chromium/src/chrome/common/ipc_channel_win.cc, line 346
[Child 12988, Chrome_ChildThread] WARNING: pipe error: 109: file z:/build/build/src/ipc/chromium/src/chrome/common/ipc_channel_win.cc, line 346
[Child 12988, Chro[GPU 20668, Chrome_
###!!! [Child][MessageChannel::SendAndWait] Error: Channel error: cannot send/recv

te	INFO	Listening on port 6744
1555600060686	Marionette	WARN	TLS certificate errors will be ignored for this session
[Child 21076, Chrome_ChildThread] WARNING: pipe error: 109: file z:/build/build/src/ipc/chromium/src/chrome/common/ipc_channel_win.cc, line 346
[Parent 24096, Gecko_IOThread] WARNING: pipe error: 109: file z:/build/build/src/ipc/chromium/src/chrome/common/ipc_channel_win.cc, line 346
[Child 23008, Chrome_ChildThread1555600874252	Marionette	INFO	Listening on port 8393
1555600874743	Marionette	WARN	TLS certificate errors will be ignored for this session
[Parent 13008, Gecko_IOThread] WARNING: pipe error: 109: file z:/build/build/src/ipc/chromium/src/chrome/common/ipc_channel_win.cc, line 346
[Child 22968, Chrome_ChildThread] WARNING: pipe error: 109: file z:/build/build/src/ipc/chromium/src/chrome/common/ipc_channel_win.cc, line 346
[GPU 2452, Chrome_Chi
###!!! [Child][MessageChannel::SendAndWait] Error: Channel error: cannot send/recv

la Firefox\\firefox.exe" "-marionette" "-profile" "C:\\Users\\孙洪斌\\AppData\\Local\\Temp\\rust_mozprofile.mGt268Fz2x0u"
1555600900852	Marionette	INFO	Listening on port 8493
1555600901223	Marionette	WARN	TLS certificate errors will be ignored for this session
[Parent 19344, Gecko_IOThread] WARNING: pipe error: 109: file z:/build/build/src/ipc/chromium/src/chrome/common/ipc_channel_win.cc, line 346
[Child 2136, Chrome_ChildThread] WARNING: pipe error: 109: file z:/build/build/src/ipc/chromium/src/chrome/common/ipc_channel_win.cc, line 346
[Child 22600, Chrome_ChildThread] WARNING: pipe error: 109: file z:/build/build/src/ipc/chromium/src/chrome/common/ipc_channel_win.cc, line 346

###!!! [Child][MessageChann[Child 21728, Chrome_ChildThread] WARNING: pipe error: 109: file z:/build/build/src/ipc/chromium/src/chrome/common/ipc_channel_win.cc, line 346
[Child 21728, Chrome_ChildThread] WARNING: pipe error: 109: file z:/build/build/src/ipc/chromium/src/chrome/common/ipc_channel_win.cc, line 346
[Parent 23756, Gecko_IOThread] WARNING: pipe error: 109: file z:/build/build/src/ipc/chromium/src/chrome/common/ipc_channel_win.cc, line 346
[Child 19708, Chrome_ChildTh[Parent 8908, Gecko_IOThread] WARNING: pipe error: 109: file z:/build/build/src/ipc/chromium/src/chrome/common/ipc_channel_win.cc, line 346
[Child 21856, Chrome_ChildThread] WARNING: pipe error: 109: file z:/build/build/src/ipc/chromium/src/chrome/common/ipc_channel_win.cc, line 346
[Child 18948, Chrome_ChildThread] WARNING: pipe error: 109: file z:/build/build/src/ipc/chromium/src/chrome/common/ipc_channel_win.cc, line 346
[Child 18948, Chrome_ChildThr[Parent 9076, Gecko_IOThread] WARNING: pipe error: 109: file z:/build/build/src/ipc/chromium/src/chrome/common/ipc_channel_win.cc, line 346
[Parent 9076, Gecko_IOThread] WARNING: pipe error: 109: file z:/build/build/src/ipc/chromium/src/chrome/common/ipc_channel_win.cc, line 346
[Child 4900, Chrome_ChildThread] WARNING: pipe error: 109: file z:/build/build/src/ipc/chromium/src/chrome/common/ipc_channe
###!!! [Child][MessageChannel::SendAndWait] Error: C[Child 8892, Chrome_ChildThread] WARNING: pipe error: 109: file z:/build/build/src/ipc/chromium/src/chrome/common/ipc_channel_win.cc, line 346
[Child 8892, Chro[Parent 19392, Gecko_IOThread] WARNING: pipe error: 109: file z:/build/build/src/ipc/chromium/src/chrome/common/ipc_channel_win.cc, line 346
[GPU 12052, Chrome_ChildThread] WARNING: pipe error: 109: file z:/build/build/src/ipc/chromium/src/chrome/common/
###!!! [Child][MessageChannel::SendAndWait] [Child 22720, Chrome_ChildThread] WARNING: pipe error: 109: file z:/build/build/src/ipc/chromium/src/chrome/common/ipc_channel_win.cc, line 346
[Child 22720, Chrome_ChildThread] WARNING:[Child 23156, Chrome_ChildThread] WARNING: pipe error: 109: file z:/build/build/src/ipc/chromium/src/chrome/common/ipc_channel_win.cc, line 346
[Child 23156, Chrom[Parent 14276, Gecko_IOThread] WARNING: pipe error: 109: file z:/build/build/src/ipc/chromium/src/chrome/common[Child 24488, Chrome_ChildThread] WARNING: pipe error: 109: file z:/build/build/src/ipc/chromium/src/chrome/common/ipc_channel_win.cc, line 346
[Child 24488, Chrome_ChildThread] WARNING: pipe erro[Parent 24508, Gecko_IOThread] WARNING: pipe error: 109: file z:/build/build/src/ipc/chromium/src/chrome/common/ipc_channel_win.cc, line 346
[Child 23644, Chrome_ChildThread] WARNING: pipe error: 109: file z:/build/build/src/ipc/chromium/src/chrome/common/ipc_chan[Parent 596, Gecko_IOThread] WARNING: pipe error: 109: file z:/build/build/src/ipc/chromium/src/chrome/common/ipc_channel_win.cc, line 346
[Parent 596, Gecko_IOThread] WARNING: pipe error: 109: file z:/build/build/src/ipc/chromium/src/chrome/common/ipc_channel_win.cc, line 346
[Child 25068, Chrome_ChildThread] WARNING: pipe error: 109: file z:/build/build/src/ipc/chromium/src/chrome/common/ipc_channel_win.cc, line 346
[Child 21756, Chrome_ChildThread] WARNING: pipe error: 109: file z:/build/build/src/ipc/chromium/src/chrome/common/ipc_channel_win.cc, line 346
[Child 21756, Chrome_ChildThread] WARNING: pipe error: 109: file z:/build/build/src/ipc/chromium/src/chrome/c[Child 21972, Chrome_ChildThread] WARNING: pipe error: 109: file z:/build/build/src/ipc/chrom[Parent 14584, Gecko_IOThread] WARNING: pipe error: 109: file z:/build/build/src/ipc/chromium/src/chrome/common/ipc_channel_win.cc, line 346
[Child 21672, Chrome_ChildThread] WARNING: pipe error: 109: file z:/build/build/src/ipc/chromium/src/chrome/common/ipc_channel_win.cc, line 346
[Child 21672, Chrome_ChildThread] WARNING: pipe error: 109: file z:/build/build/src/ipc/chromium/[Child 23636, Chrome_ChildThread] WARNING: pipe error: 109: file z:/build/builJavaScript error: jar:file:///C:/Program%20Files%20(x86)/Mozilla%20Firefox/omni.ja!/components/nsAsyncShutdown.js, line 114: Error: We have already registered a distinct blocker with the same name: Crash Reporter: blocking on minidumpgeneration.
A content process crashed and MOZ_CRASHREPORTER_SHUTDOWN is set, shutting down
A content process crashed and MOZ_CRASHREPORTER_SHUTDOWN is set, shutting down
JavaScript error: resource:///modules/sessionstore/SessionSaver.jsm, line 180: NS_ERROR_FAILURE: Component returned failure code: 0x80004005 (NS_ERROR_FAILURE) [nsIAppShellService.hiddenDOMWindow]
[Child 23680, Chrome_ChildThread] WARNING: pipe error: 109: file z:/build/build/src/ipc/chromium/src/chrome/common/ipc_channel_win.cc, line 346
[Child 23680, Chrome_ChildThread] WARNING: pipe error: 109: file z:/build/build/src/ipc/chromium/src/chrome/common/ipc_channel_win.cc, line 346

###!!! [Child][MessageChannel::SendAndWait] Error: Channel error: cannot send/recv

ild/src/ipc/chromium/src/chrome/common/ipc_channel_win.cc, line 346
[Child 17080, Chrome_ChildThread] WARNING: pipe error: 109: file z:/[Child 18132, Chrome_ChildThread] WARNING: pipe error: 109: file z:/build/build/src/ipc/chromium/src/chrome/common/ipc_channel_win.cc, line 346
[Child 18132, Chro[GPU 20008, Chrome_ChildThread] WARNING: pipe error: 109: file z:/build/build/src/ipc/chromium/src/
###!!! [Child][MessageChannel::SendAndWait] Error: Channel error: cannot send/recv

1555603008131	geckodriver	INFO	geckodriver 0.20.0
1555603008143	geckodriver	INFO	Listening on 127.0.0.1:13350
1555603011192	mozrunner::runner	INFO	Running command: "C:\\Program Files (x86)\\Mozilla Firefox\\firefox.exe" "-marionette" "-profile" "C:\\Users\\孙洪斌\\AppData\\Local\\Temp\\rust_mozprofile.QrvFc943PvDn"
1555603013566	Marionette	INFO	Listening on port 13363
1555603014322	Marionette	WARN	TLS certificate errors will be ignored for this session
JavaScript error: jar:file:///C:/Program%20Files%20(x86)/Mozilla%20Firefox/omni.ja!/components/nsAsyncShutdown.js, line 114: Error: We have already registered a distinct blocker with the same name: Crash Reporter: blocking on minidumpgeneration.
A content process crashed and MOZ_CRASHREPORTER_SHUTDOWN is set, shutting down
A content process crashed and MOZ_CRASHREPORTER_SHUTDOWN is set, shutting down

###!!! [Child][MessageChannel::SendAndWait] Error: ChJavaScript error: jar:file:///C:/Program%20Files%20(x86)/Mozilla%20Firefox/omni.ja!/components/nsAsyncShutdown.js, line 114: Error: We have already registered a distinct blocker with the same name: Crash Reporter: blocking on minidumpgeneration.
console.error: (new Error("SessionFile is closed", "resource:///modules/sessionstore/SessionFile.jsm", 376))
A content process crashed and MOZ_CRASHREPORTER_SHUTDOWN is set, shutting down
A content process crashedJavaScript error: jar:file:///C:/Program%20Files%20(x86)/Mozilla%20Firefox/omni.ja!/components/nsAsyncShutdown.js, line 114: Error: We have already registered a distinct blocker with the same name: Crash Reporter: blocking on minidumpgeneration.
JavaScript error: resource:///modules/sessionstore/SessionSaver.jsm, line 180: NS_ERROR_FAILURE: Component returned failure code: 0x80004005 (NS_ERROR_FAILURE) [nsIAppShellService.hiddenDOMWindow]
[Parent 16424, Gecko_IOThread] WARNING: pipe error: 232: file z:/build/build/src/ipc/chromium/src/chrome/common/ipc_channel_win.cc, line 513
[Parent 16424, Gecko_IOThread] WARNING: pipe error: 232: file z:/build/build/src/ipc/chromium/src/chrome/common/ipc_channel_win.cc, line 513

###!!! [Parent][MessageChannel] Error: (msgtype=0x48000B,name=PHttpBackgroundChannel::Msg___delete__) Channel error: cannot send/recv


###!!! [Parent][MessageChannel] Error: (msgtype=0x48000B,name=PHttpBackgroundChannel::Msg__
###!!! [Parent][MessageChannel] Error: (msgtype=0x2D0107,name=PContent::Msg_AsyncMessage) Channel error: cannot send/recv

A content process crashed and MOZ_CRASHREPORTER_SHUTDOWN is set, shutting down

###!!! [Child][MessageChannel::SendAndWait] Error: Channel error: cannot send/recv

l error: cannot send/recv


###!!! [Parent][MessageChannel] Error: (msgtype=0x48000B,name=PHttpBackgroundChannel::Msg___delete__) Channel error: cannot send/recv


###!!! [Parent][MessageChannel] Error: (msgtype=0x48000B,name=PHttpBackgroundChannel::Msg___delete__) Channel error: cannot send/recv


###!!! [Parent][MessageChannel] Error: (msgtype=0x48000B,name=PHttpBackgroundChannel::Msg___delete__) Channel error: cannot send/recv


###!!! [Parent][MessageChannel] Error: (msgtype=0x48000B,name=PHttpBackgroundChannel::Msg___delete__) Channel error: cannot send/recv


###!!! [Parent][MessageChannel] Error: (msgtype=0x48000B,name=PHttpBackgroundChannel::Msg___delete__) Channel error: cannot send/recv


###!!! [Parent][MessageChannel] Error: (msgtype=0x48000B,name=PHttpBackgroundChannel::Msg___delete__) Channel error: cannot send/recv


###!!! [Parent][MessageChannel] Error: (msgtype=0x48000B,name=PHttpBackgroundChannel::Msg___delete__) Channel error: cannot send/recv


###!!! [Parent][MessageChannel] Error: (msgtype=0x48000B,name=PHttpBackgroundChannel::Msg___delete__) Channel error: cannot send/recv


###!!! [Parent][MessageChannel] Error: (msgtype=0x48000B,name=PHttpBackgroundChannel::Msg___delete__) Channel error: cannot send/recv


###!!! [Parent][MessageChannel] Error: (msgtype=0x48000B,name=PHttpBackgroundChannel::Msg___delete__) Channel error: cannot send/recv


###!!! [Parent][MessageChannel] Error: (msgtype=0x48000B,name=PHttpBackgroundChannel::Msg___delete__) Channel error: cannot send/recv


###!!! [Parent][MessageChannel] Error: (msgtype=0x48000B,name=PHttpBackgroundChannel::Msg___delete__) Channel error: cannot send/recv


###!!! [Parent][MessageChannel] Error: (msgtype=0x48000B,name=PHttpBackgroundChannel::Msg___delete__) Channel error: cannot send/recv


###!!! [Parent][MessageChannel] Error: (msgtype=0x48000B,name=PHttpBackgroundChannel::Msg___delete__) Channel error: cannot send/recv


###!!! [Parent][MessageChannel] Error: (msgtype=0x48000B,name=PHttpBackgroundChannel::Msg___delete__) Channel error: cannot send/recv


###!!! [Parent][MessageChannel] Error: (msgtype=0x48000B,name=PHttpBackgroundChannel::Msg___delete__) Channel error: cannot send/recv


###!!! [Parent][MessageChannel] Error: (msgtype=0x48000B,name=PHttpBackgroundChannel::Msg___delete__) Channel error: cannot send/recv


###!!! [Parent][MessageChannel] Error: (msgtype=0x48000B,name=PHttpBackgroundChannel::Msg___delete__) Channel error: cannot send/recv


###!!! [Parent][MessageChannel] Error: (msgtype=0x48000B,name=PHttpBackgroundChannel::Msg___delete__) Channel error: cannot send/recv


###!!! [Parent][MessageChannel] Error: (msgtype=0x48000B,name=PHttpBackgroundChannel::Msg___delete__) Cha[Parent 892, Gecko_IOThread] WARNING: pipe error: 232: file z:/build/build/src/ipc/chromium/src/chrome/common/ipA content process crashed and MOZ_CRASHREPORTER_SHUTDOWN is set, shutting down
[Child 10420, Chrome_ChildThread] WARNING: pipe error: 109: file z:/build/build/src/ipc/chromium/src/chrome/common/ipc_channel_win.cc, line 346
[Child 10420, Chrome_ChildThread] WARNING: pipe error: 109: file z:/build/build/src/ipc/chromium/src/chrome/common/ipc_channel_win.cc, line 346

###!!! [Child][MessageChannel::SendAndWait] Error: Channel error: cannot send/recv

1555607316838	geckodriver	INFO	geckodriver 0.20.0
1555607316879	geckodriver	INFO	Listening on 127.0.0.1:23041
1555607319907	mozrunner::runner	INFO	Running command: "C:\\Program Files (x86)\\Mozilla Firefox\\firefox.exe" "-marionette" "-profile" "C:\\Users\\孙洪斌\\AppData\\Local\\Temp\\rust_mozprofile.PXEdhvrpyeUc"
1555607322351	Marionette	INFO	Listening on port 23058
1555607323080	Marionette	WARN	TLS certificate errors will be ignored for this session
[Parent 21532, Gecko_IOThread] WARNING: pipe error: 109: file z:/build/build/src/ipc/chromium/src/chrome/common/ipc_channel_win.cc, line 346
[Child 19724, Chrome_ChildThread] WARNING: pipe error: 109: file z:/build/build/src/ipc/chromium/src/chrome/common/ipc_channel_win.cc, line 346
[Child 19724, Chrome_ChildThread] WARN[Child 17252, Chrome_ChildThread] WARNING: pipe error: 109: file z:/build/build/src/ipc/chromium/src/chrome/common/ipc_channel_win.cc, li[Child 20600, Chrome_ChildThread] WARNING: pipe error: 109: file z:/build/build/src/ipc/chromium/src/chrome/common/ipc_channel_win.cc, line 346
[Child 20600, Chrome_ChildThread] WARNING: pipe error: 109: file z:/build/build/src/ipc/chromium/src/chrome/common/ipc_channel_win.cc, line 346
[Child 21904, Chrome_ChildThread] WARNING: pipe error: 109: file z:/build/build/src/ipc/chromium/src/chrome/common/ipc_channel_win.cc, line 346
[Child 21904, Chrome_ChildThread] WARN*** UTM:SVC TimerManager:registerTimer called after profile-before-change notification. Ignoring timer registration for id: telemetry_modules_ping
[GPU 25448, Chrome_ChildThr
###!!! [Child][MessageChannel::SendAndWait] Error: Channel error: cannot send/recv

1555607402540	geckodriver::marionette	ERROR	Failed to stop browser process
1555607509394	geckodriver	INFO	geckodriver 0.20.0
1555607509407	geckodriver	INFO	Listening on 127.0.0.1:23531
1555607512424	mozrunner::runner	INFO	Running command: "C:\\Program Files (x86)\\Mozilla Firefox\\firefox.exe" "-marionette" "-profile" "C:\\Users\\孙洪斌\\AppData\\Local\\Temp\\rust_mozprofile.auG6y1dcoklJ"
1555607514670	Marionette	INFO	Listening on port 23555
1555607515565	Marionette	WARN	TLS certificate errors will be ignored for this session
[Child 22852, Chrome_ChildThread] WARNING: pipe error: 109: file z:/build/build/src/ipc/chromium/src/chrome/common/ipc_channel_win.cc, line 346
[Child 22852, Chrome_ChildThread] WARNING: [Child 4744, Chrome_ChildThread] WARNING: pipe error: 109: file z:/build/build/src/ipc/chromium/src/chrome/common/ipc_channel_win.cc, line 346
[Child 4744, Chrome_ChildThread] WARNING[GPU 25976, Chrome_ChildThrea
###!!! [Child][MessageChannel::SendAndWait] Error: Channel [Chil[GPU 17284, Chrome_ChildThre
###!!! [Child][MessageChannel::SendAndWait] Error: Channel error: cannot send/recv

25	mozrunner::runner	INFO	Running command: "C:\\Program Files (x86)\\Mozilla Firefox\\firefox.exe" "-marionette" "-profile" "C:\\Users\\孙洪斌\\AppData\\Local\\Temp\\rust_mozprofile.c4okN8C90ckZ"
1555607648566	Marionette	INFO	Listening on port 23919
1555607649275	Marionette	WARN	TLS certificate errors will be ignored for this session
[Child 19980, Chrome_ChildThread] WARNING: pipe error: 109: file z:/build/build/src/ipc/chromium/src/chrome/common/ipc_channel_win.cc, line 346
[Child 19980, Chrome_ChildTh[GPU 11036, Chrome_ChildThread] WARNING: pipe error: 109: file z:/build/build/src/ipc/chromium/src/chrome/common/ipc_channel_win.cc, line 346

###!!! [Child][MessageChannel::SendAndWait] Error: Channel error: cannot send/recv

	TLS certificate errors will be ignored for this session
[Parent 27528, Gecko_IOThread] WARNING: pipe error: 109: file z:/build/build/src/ipc/chromium/src/chrome/common/ipc_channel_win.cc, line 346
[Parent 27528, Gecko_IOThread] WARNING: pipe error: 109: file z:/build/build/src/ipc/chromium/src/chrome/common/ipc_channel_win.cc, line 346
[Child 12208, Chrome_ChildThread] WARNING: pipe error: 109: file z:/build/build/src/ipc/chromium/src/chrome/common/ipc_channel_win.cc, line 346
[Child 12208, Chrome_ChildThread][Child 22452, Chrome_ChildThread] WARNING: pipe error: 109: file z:/build/build/src/ipc/chromium/src/chrome/common/ipc_channel_win.cc, line 346
[Child 22452, Chrome_ChildThread] WARNING: pipe error: 109:[Child 14688, Chrome_ChildThread] WARNING: pipe error: 109: file z:/build/build/src/ipc/chromium/src/chrome/common/ipc_channel_win.cc, line 346
[Child 14688, Chrome_ChildThread] WARNING: pipe error: 109: file z:/build/build/src/ipc/chromium/src/chrome/common/ipc_channel_win.cc, line 346
[Parent 10288, Gecko_IOThread] WARNING: pipe error: 109: file z:/build/build/src/ipc/chromium/src/chrome/common/ipc_channel_win.cc, line 346

###!!! [Child][MessageChannel::SendAndWait] Error: Channel error: cannot send/recv

build/build/src/ipc/chromium/src/chrome/common/ipc_channel_win.cc, line 346
[Child 25816, Chrome_ChildThread] WARNING: pipe error: 109: file z:/build/build/s[GPU 234
###!!! [Child][MessageChannel::SendAndWait] Error: Channel error: cannot send/recv

1555608169454	geckodriver	INFO	geckodriver 0.20.0
1555608169472	geckodriver	INFO	Listening on 127.0.0.1:25191
1555608172476	mozrunner::runner	INFO	Running command: "C:\\Program Files (x86)\\Mozilla Firefox\\firefox.exe" "-marionette" "-profile" "C:\\Users\\孙洪斌\\AppData\\Local\\Temp\\rust_mozprofile.3EKc1RtgdwbQ"
1555608174976	Marionette	INFO	Listening on port 25203
1555608175898	Marionette	WARN	TLS certificate errors will be ignored for this session
[Child 22568, Chrome_ChildThread] WARNING: pipe error: 109: file z:/build/build/src/ipc/chromium/src/chrome/common/ipc_channel_win.cc, line 346
[Child[C hil1d 222517668,, C Chrome_ChildThread] WARNING: pipe error: 109: file z:/build/build/src/ipc/chromium/src/chrome/common/ipc_channel_win.cc, line 346
[Child 12176, Chro[GPU 23604, Chrome_ChildThread] WARNI
###!!! [Child][MessageChannel::SendAndWait] Error: Channel error: cannot send/recv

this session
[Child 23124, Chrome_ChildThread] WARNING: pipe error: 109: file z:/build/build/src/ipc/chromium/src/chrome/common/ipc_channel_win.cc, line 346
[Child 23124, Chrome_ChildThread] WARNING: pipe error: 109: file z:/build/build/src/ip[Cc/child 21792, Chrome_ChildThread] WARNING: pipe error: 109: file z:/build/build/src/ipc/chromium/src/chrome/common/ipc_channel_win.cc, line 346
[Child 21792, Chrome_ChildThread] WARNING: pipe error: 109: file z:/build/build/src[Child 24308, Chrome_ChildThread] WARNING: pipe error: 109: file z:/build/build/src/ipc/chromium/src/chrome/common/ipc_channel_win.cc, line 346
[Child 24308, Chrome_ChildThread] WARNING: pipe[Child 5564, Chrome_ChildThread] WARNING: pipe error: 109: file z:/build/build/src/ipc/chromium/src/chrome/common/ipc_channel_win.cc, line 346
[Child 5564, Chrome_ChildThread] WARNING: pipe error: 109: file z:/build/build/src/ipc/chromium/src/chrome/common/ipc_channel_wi[GPU 20712, Chrome_ChildThread] WARNING: pipe error: 109: file z:/build/build/src/ipc/chromium/src/chrome/common/ipc_channel_win.cc, line 
###!!! [Child][MessageChannel::SendAndWait] Error: Channel error: cannot send/recv

1555609203196	Marionette	WARN	TLS certificate errors will be ignored for this session
[Parent 14184, Gecko_IOThread] WARNING: pipe error: 109: file z:/build/build/src/ipc/chromium/src/chrome/common/ipc_channel_win.cc, line 346
[Child 24632, Chrome_ChildThread] WARNING: pipe error: 109: file z:/build/build/src/ipc/chromium/src/chrome/common/ipc_channel_win.cc, line 346
[Child 24632, Chrome_ChildThread] WARNING: pipe error: 109: file z:/build/build/src/ipc/chromium/src/chrome/common/ipc_channel_win.cc, line 346
[GPU 16748, Chrome_ChildThread
###!!! [Child][MessageChannel::SendAndWait] Error: Channel error: cannot send/recv

hannel_win.cc, line 346

###!!! [Child][MessageChannel::SendAndWait] Error: Channel error: cannot send/recv

efox\\firefox.exe" "-marionette" "-profile" "C:\\Users\\孙洪斌\\AppData\\Local\\Temp\\rust_mozprofile.B0dxwTm4L9r8"
1555609378553	Marionette	INFO	Listening on port 27845
1555609379316	Marionette	WARN	TLS certificate errors will be ignored for this session
[Parent 12956, Gecko_IOThread] WARNING: pipe error: 109: file z:/build/build/src/ipc/chromium/src/chrome/common/ipc_channel_win.cc, line 346
[Parent 12956, Gecko_IOThread] WARNING: pipe error: 109: file z:/build/build/src/ipc/chromium/src/chrome/common/ipc_channel_win.cc, line 346
[Child 6016, Chrome_ChildThread] WARNING: pipe error: 109: file z:/build/build/src/ipc/chromium/src/chrome/common/ipc_channel_win.cc, line 346
[Child 6016, Chrome_ChildThread] W[Parent 11964, Gecko_IOThread] WARNING: pipe error: 109: file z:/build/build/src/ipc/chromium/src/chrome/common/ipc_channel_win.cc, line 346
[Child 11528, Chrome_ChildThread] WARNING: pipe error: 109: file z:/build/build/src/ipc/chromium/src/chrome/common/ipc_channel_win.cc, line 346
[GPU 21724, Chrome_Ch
###!!! [Child][MessageChannel::SendAndWait] Error: Channel error: cannot send/recv

 Files (x86)\\Mozilla Firefox\\firefox.exe" "-marionette" "-profile" "C:\\Users\\孙洪斌\\AppData\\Local\\Temp\\rust_mozprofile.RyVC94NQ4P9j"
1555609661703	Marionette	INFO	Listening on port 28497
1555609662523	Marionette	WARN	TLS certificate errors will be ignored for this session
1555609835057	geckodriver	INFO	geckodriver 0.20.0
1555609835072	geckodriver	INFO	Listening on 127.0.0.1:28889
1555609838097	mozrunner::runner	INFO	Running command: "C:\\Program Files (x86)\\Mozilla Firefox\\firefox.exe" "-marionette" "-profile" "C:\\Users\\孙洪斌\\AppData\\Local\\Temp\\rust_mozprofile.9fSjkeeAJi4a"
1555609840888	Marionette	INFO	Listening on port 28901
1555609841358	Marionette	WARN	TLS certificate errors will be ignored for this session
1555609882378	geckodriver	INFO	geckodriver 0.20.0
1555609882393	geckodriver	INFO	Listening on 127.0.0.1:29015
1555609885412	mozrunner::runner	INFO	Running command: "C:\\Program Files (x86)\\Mozilla Firefox\\firefox.exe" "-marionette" "-profile" "C:\\Users\\孙洪斌\\AppData\\Local\\Temp\\rust_mozprofile.tuVxEgIdcrGk"
1555609887698	Marionette	INFO	Listening on port 29027
1555609888547	Marionette	WARN	TLS certificate errors will be ignored for this session
1555609987484	geckodriver	INFO	geckodriver 0.20.0
1555609987501	geckodriver	INFO	Listening on 127.0.0.1:29278
1555609990506	mozrunner::runner	INFO	Running command: "C:\\Program Files (x86)\\Mozilla Firefox\\firefox.exe" "-marionette" "-profile" "C:\\Users\\孙洪斌\\AppData\\Local\\Temp\\rust_mozprofile.8RryeDe7WM8P"
1555609993063	Marionette	INFO	Listening on port 29290
1555609993773	Marionette	WARN	TLS certificate errors will be ignored for this session
1555610101506	geckodriver	INFO	geckodriver 0.20.0
1555610101521	geckodriver	INFO	Listening on 127.0.0.1:29586
1555610104533	mozrunner::runner	INFO	Running command: "C:\\Program Files (x86)\\Mozilla Firefox\\firefox.exe" "-marionette" "-profile" "C:\\Users\\孙洪斌\\AppData\\Local\\Temp\\rust_mozprofile.wXn48qFuSfcI"
1555610106894	Marionette	INFO	Listening on port 29598
1555610107669	Marionette	WARN	TLS certificate errors will be ignored for this session
1555610290770	geckodriver	INFO	geckodriver 0.20.0
1555610290785	geckodriver	INFO	Listening on 127.0.0.1:30022
1555610293806	mozrunner::runner	INFO	Running command: "C:\\Program Files (x86)\\Mozilla Firefox\\firefox.exe" "-marionette" "-profile" "C:\\Users\\孙洪斌\\AppData\\Local\\Temp\\rust_mozprofile.TVpTV0WwIV1h"
1555610296299	Marionette	INFO	Listening on port 30036
1555610297062	Marionette	WARN	TLS certificate errors will be ignored for this session
1555610356753	geckodriver	INFO	geckodriver 0.20.0
1555610356768	geckodriver	INFO	Listening on 127.0.0.1:30211
1555610359784	mozrunner::runner	INFO	Running command: "C:\\Program Files (x86)\\Mozilla Firefox\\firefox.exe" "-marionette" "-profile" "C:\\Users\\孙洪斌\\AppData\\Local\\Temp\\rust_mozprofile.VadFP8u4zGpI"
1555610362322	Marionette	INFO	Listening on port 30223
1555610363145	Marionette	WARN	TLS certificate errors will be ignored for this session
1555610459389	geckodriver	INFO	geckodriver 0.20.0
1555610459404	geckodriver	INFO	Listening on 127.0.0.1:30476
1555610462430	mozrunner::runner	INFO	Running command: "C:\\Program Files (x86)\\Mozilla Firefox\\firefox.exe" "-marionette" "-profile" "C:\\Users\\孙洪斌\\AppData\\Local\\Temp\\rust_mozprofile.bg8FWxXPZjX2"
1555610464869	Marionette	INFO	Listening on port 30488
1555610465579	Marionette	WARN	TLS certificate errors will be ignored for this session
1555610578865	geckodriver	INFO	geckodriver 0.20.0
1555610578881	geckodriver	INFO	Listening on 127.0.0.1:30765
1555610581897	mozrunner::runner	INFO	Running command: "C:\\Program Files (x86)\\Mozilla Firefox\\firefox.exe" "-marionette" "-profile" "C:\\Users\\孙洪斌\\AppData\\Local\\Temp\\rust_mozprofile.ftmVZ8KXISmb"
1555610584529	Marionette	INFO	Listening on port 30790
1555610585033	Marionette	WARN	TLS certificate errors will be ignored for this session
1555611242183	geckodriver	INFO	geckodriver 0.20.0
1555611242199	geckodriver	INFO	Listening on 127.0.0.1:32184
1555611245258	mozrunner::runner	INFO	Running command: "C:\\Program Files (x86)\\Mozilla Firefox\\firefox.exe" "-marionette" "-profile" "C:\\Users\\孙洪斌\\AppData\\Local\\Temp\\rust_mozprofile.1bGQfKyz3wbb"
1555611248428	Marionette	INFO	Listening on port 32197
1555611248521	Marionette	WARN	TLS certificate errors will be ignored for this session
1555611293320	geckodriver	INFO	geckodriver 0.20.0
1555611293337	geckodriver	INFO	Listening on 127.0.0.1:32318
1555611296372	mozrunner::runner	INFO	Running command: "C:\\Program Files (x86)\\Mozilla Firefox\\firefox.exe" "-marionette" "-profile" "C:\\Users\\孙洪斌\\AppData\\Local\\Temp\\rust_mozprofile.KpqSQZxMGFb6"
1555611299193	Marionette	INFO	Listening on port 32344
1555611299687	Marionette	WARN	TLS certificate errors will be ignored for this session
1555611322825	geckodriver	INFO	geckodriver 0.20.0
1555611322840	geckodriver	INFO	Listening on 127.0.0.1:32438
1555611325868	mozrunner::runner	INFO	Running command: "C:\\Program Files (x86)\\Mozilla Firefox\\firefox.exe" "-marionette" "-profile" "C:\\Users\\孙洪斌\\AppData\\Local\\Temp\\rust_mozprofile.aTweaBfXU6Ce"
1555611329194	Marionette	INFO	Listening on port 32450
1555611329521	Marionette	WARN	TLS certificate errors will be ignored for this session
[Child 11948, Chrome_ChildThread] WARNING: pipe error: 109: file z:/build/build/src/ipc/chromium/src/chrome/common/ipc_channel_win.cc, line 346
[Child 11948, Chrome_ChildThread] WARNING: pipe error: 109: file z:/build/build/src/ipc/chromium[Child 16092, Chrome_ChildThread] WARNING: pipe error: 109: file z:/build/build/src/ipc/chromium/src/chrome/common/ipc_channel_win.cc, line 346
[Child 16092, Chrome_ChildThread] WARNING: pipe *** UTM:SVC TimerManager:registerTimer called after profile-before-change notification. Ignoring timer registration for id: telemetry_modules_ping
[GPU 3884, Chrome_C
###!!! [Child][MessageChannel::SendAndWait] Error: Channel error: cannot send/recv

1555611362885	geckodriver	INFO	geckodriver 0.20.0
1555611362900	geckodriver	INFO	Listening on 127.0.0.1:32567
1555611365916	mozrunner::runner	INFO	Running command: "C:\\Program Files (x86)\\Mozilla Firefox\\firefox.exe" "-marionette" "-profile" "C:\\Users\\孙洪斌\\AppData\\Local\\Temp\\rust_mozprofile.kl6LMcQ7SrVh"
1555611368528	Marionette	INFO	Listening on port 32579
1555611369138	Marionette	WARN	TLS certificate errors will be ignored for this session
1555611432574	geckodriver	INFO	geckodriver 0.20.0
1555611432588	geckodriver	INFO	Listening on 127.0.0.1:32734
1555611435596	mozrunner::runner	INFO	Running command: "C:\\Program Files (x86)\\Mozilla Firefox\\firefox.exe" "-marionette" "-profile" "C:\\Users\\孙洪斌\\AppData\\Local\\Temp\\rust_mozprofile.2refOshMQ0o7"
1555611438340	Marionette	INFO	Listening on port 32746
1555611443271	geckodriver	INFO	geckodriver 0.20.0
1555611443285	geckodriver	INFO	Listening on 127.0.0.1:32789
1555611446301	mozrunner::runner	INFO	Running command: "C:\\Program Files (x86)\\Mozilla Firefox\\firefox.exe" "-marionette" "-profile" "C:\\Users\\孙洪斌\\AppData\\Local\\Temp\\rust_mozprofile.U8p1Wo7CXyn8"
1555611449479	Marionette	INFO	Listening on port 32801
1555611450042	Marionette	WARN	TLS certificate errors will be ignored for this session
1555634330816	geckodriver	INFO	geckodriver 0.20.0
1555634330922	geckodriver	INFO	Listening on 127.0.0.1:10085
1555634333837	mozrunner::runner	INFO	Running command: "C:\\Program Files (x86)\\Mozilla Firefox\\firefox.exe" "-marionette" "-profile" "C:\\Users\\孙洪斌\\AppData\\Local\\Temp\\rust_mozprofile.dfySmRByDXa1"
1555634336536	Marionette	INFO	Listening on port 10094
1555634337044	Marionette	WARN	TLS certificate errors will be ignored for this session
[Child 11924, Chrome_ChildThread] WARNING: pipe error: 109: file z:/build/build/src/ipc/chromium/src/chrome/common/ipc_channel_win.cc, line 346
[Child 11924, Chrome_ChildThread] WARNING: pipe error: 109: file z:/build/build/src/ipc/chromium/src/chrome/common/ipc[Child 13004, Chrome_ChildThread] WARNING: pipe error: 109: file z:/build/build/src/ipc/chromium/src/chrome/common/ipc_channel_win.cc, line 346
[Child 13004, Chrome_ChildThread] WARNING: pipe err
#[Parent 2420, Gecko_IOThread] WARNING: pipe error: 109: file z:/build/build/src/ipc/chromium/src/chrome/common/ipc_channel_win.cc, line 346
[Child 11784, Chrome_ChildThread] WARNING: pipe error: 109: file z:/build/build/src/ipc/chromium/src/chrome/common/ipc_channel_win.cc[Child , li1012ne 38, 46
Chrome_Chil[ChildThread] WARNING: pipe error: 109: file z:/build/build/src/ipc/chromium/src/chrome/common/ipc_channel_win.cc, line 346
[Child 10128, Chrome_ChildThread] WARNING: pipe error: 109: file z:/buil[Child 6116, Chrome_ChildT[GPU 8728, Chrome_ChildThread] WARNING: pipe er
###!!! [Child][MessageChannel::SendAndWait] Error: Channel error: cannot send/recv

1555638810034	geckodriver	INFO	geckodriver 0.20.0
1555638810049	geckodriver	INFO	Listening on 127.0.0.1:10721
1555638813076	mozrunner::runner	INFO	Running command: "C:\\Program Files (x86)\\Mozilla Firefox\\firefox.exe" "-marionette" "-profile" "C:\\Users\\孙洪斌\\AppData\\Local\\Temp\\rust_mozprofile.nUDFe56rHa7P"
1555638816050	Marionette	INFO	Listening on port 10729
1555638816427	Marionette	WARN	TLS certificate errors will be ignored for this session
[Parent 12128, Gecko_IOThread] WARNING: pipe error: 109: file z:/build/build/src/ipc/chromium/src/chrome/common/ipc_channel_win.cc, line 346
[Child 1248, Chrome_Child[GPU 12076, Chrome_ChildThread] WARNING: pipe error: 109: file z:
###!!! [Child][MessageChannel::SendAndWait] Error: Channel error: cannot send/recv

1555638906713	Marionette	INFO	Listening on port 10781
1555638907232	Marionette	WARN	TLS certificate errors will be ignored for this session
[Child 12508, Chrome_ChildThread] WARNING: pipe error: 109: file z:/build/build/src/ipc/chromium/src/chrome/common/ipc_channel_win.cc, line 346
[GPU 7708, Chrome_ChildThread] W
###!!! [Child][MessageChannel::SendAndWait] Error: Channel error: cannot send/recv

\\AppData\\Local\\Temp\\rust_mozprofile.2C3mM7sZl28T"
1555639168508	Marionette	INFO	Listening on port 10867
1555639168874	Marionette	WARN	TLS certificate errors will be ignored for this session
[Child 10408, Chrome_ChildThread] WARNING: pipe error: 109: file z:/build/build/src/ipc/chromium/src/chrome/common/ipc_channel_win.cc, line 346
[Child 10408, Chrome_ChildThread] WARNING: pipe error: 109: file z:/build/build/src/ipc/chromium/src/chrome/common/ipc_channel_win.cc, line 346

###!!! [Child][MessageChannel::SendAndWait] Error: Channel error: cannot send/recv

5639300284	Marionette	WARN	TLS certificate errors will be ignored for this session
[Child 7500, Chrome_ChildThread] WARNING: pipe error: 109: file z:/build/build/src/ipc/chromium/src/chrome/common/ipc_channel_win.cc, line 346
[Child 7500, Chrome_ChildThread] WARNING: pipe error: 109: file z:/build/build/src/ipc/ch[GPU 2288, Chrome_ChildThread] WARNING: pipe error: 109: file z:/build/build/src/ipc/chromium/src/chrome/common/ipc_channel_win.cc, 
###!!! [Child][MessageChannel::SendAndWait] Error: Channel error: cannot send/recv

session
JavaScript error: jar:file:///C:/Program%20Files%20(x86)/Mozilla%20Firefox/omni.ja!/components/nsAsyncShutdown.js, line 114: Error: We have already registered a distinct blocker with the same name: Crash Reporter: blocking on minidumpgeneration.
[Parent 10780, Gecko_IOThread] WARNING: pipe error: 109: file z:/build/build/src/ipc/chromium/src/chrome/common/ipc_channel_win.cc, line 346
[GFX1-]: Receive IPC close with reason=AbnormalShutdown

###!!! [Child][MessageChannel::SendAndWait] Error: Channel error: cannot send/recv

[Child 1956, Chrome_ChildThread] WARNING: pipe error: 109: file z:/build/build/src/ipc/chromium/src/chrome/common/ipc_channel_win.cc, line 346
A content process crashed and MOZ_CRASHREPORTER_SHUTDOWN is set, shutting down
JavaScript error: resource://gre/modules/AsyncShutdown.jsm, line 683: Error: Phase "profile-before-change" is finished, it is too late to register completion condition "CrashService waiting for content crash ping to be sent"
JavaScript error: resource://gre/modules/osfile/osfile_async_front.jsm, line 408: Error: OS.File has been shut down. Rejecting post to writeAtomic
0004005 (NS_ERROR_FAILURE) [nsIAppShellService.hiddenDOMWindow]

###!!! [Child][MessageChannel::SendAndWait] Error: Channel error: cannot send/recv

A content process crashed and MOZ_CRASHREPORTER_SHUTDOWN is set, shutting down
pc/chromium/src/chrome/common/ipc_channel_win.cc, line 346
[Child 8728, Chrome
###!!! [Child][MessageChannel::SendAndWait] Error: Channel error: cannot send/recv

A content process crashed and MOZ_CRASHREPORTER_SHUTDOWN is set, shutting down
JavaScript error: resource://gre/modules/AsyncShutdown.jsm, line 683: Error: Phase "profile-before-change" is finished, it is too late to register completion condition "CrashService waiting for content crash ping to be sent"
JavaScript error: resource://gre/modules/osfile/osfile_async_front.jsm, line 408: Error: OS.File has been shut down. Rejecting post to writeAtomic
346
JavaScript error: resource://gre/modules/AsyncShutdown.jsm, line 683: Error: Phase "profile-before-change" is finished, it is too late to register completion condition "CrashService waiting for content crash ping to be sent"
[GPU 23124, Chrome_ChildThread] WARNING: pipe error: 109: file z:/build/build/src/ipc/chromium/src/chrome/common/ipc_chann
###!!! [Child][MessageChannel::SendAndWait] Error: Channel error: cannot send/recv

] Error: Channel error: cannot send/recv

