1535534538914	geckodriver	INFO	geckodriver 0.19.1
1535534538928	geckodriver	INFO	Listening on 127.0.0.1:51307
1535534541809	mozrunner::runner	INFO	Running command: "C:\\Program Files (x86)\\Mozilla Firefox\\firefox.exe" "-marionette" "-profile" "C:\\Users\\Pactera\\AppData\\Local\\Temp\\rust_mozprofile.GDLIO8nIu8ew"
1535534546161	Marionette	INFO	Listening on port 51317
1535534547176	Marionette	WARN	TLS certificate errors will be ignored for this session
Unable to read VR Path Registry from C:\Users\Pactera\AppData\Local\openvr\openvrpaths.vrpath
JavaScript warning: http://11.8.127.248:8080/atq/jslib/jquery-1.10.2.min.js, line 1: Using //@ to indicate sourceMappingURL pragmas is deprecated. Use //# instead
JavaScript warning: http://11.8.127.248:8080/atq/jslib/jquery-1.10.2.min.js, line 1: Using //@ to indicate sourceMappingURL pragmas is deprecated. Use //# instead
1535534696815	addons.productaddons	WARN	Failed downloading XML, status: 0, reason: timeout
1535534739427	addons.productaddons	WARN	Failed downloading via XHR, status: 0, reason: error
1535534830199	addons.productaddons	WARN	Failed downloading via XHR, status: 0, reason: error
Unable to read VR Path Registry from C:\Users\Pactera\AppData\Local\openvr\openvrpaths.vrpath
JavaScript error: jar:file:///C:/Program%20Files%20(x86)/Mozilla%20Firefox/omni.ja!/components/nsAsyncShutdown.js, line 114: Error: We have already registered a distinct blocker with the same name: Crash Reporter: blocking on minidumpgeneration.
console.error: (new Error("SessionFile is closed", "resource:///modules/sessionstore/SessionFile.jsm", 376))
[Parent 15084, Gecko_IOThread] WARNING: pipe error: 232: file z:/build/build/src/ipc/chromium/src/chrome/common/ipc_channel_win.cc, line 513
A content process crashed and MOZ_CRASHREPORTER_SHUTDOWN is set, shutting down
A content process crashed and MOZ_CRASHREPORTER_SHUTDOWN is set, shutting down
[Parent 15084, Gecko_IOThread] WARNING: pipe error: 232: file z:/build/build/src/ipc/chromium/src/chrome/common/ipc_channel_win.cc, line 513
A content process crashed and MOZ_CRASHREPORTER_SHUTDOWN is set, shutting down
=AbnormalShutdown
[GFX1-]: Receive IPC close with reason=AbnormalShutdown

###!!! [Child][MessageChannel] Error: (msgtype=0x4E0017,name=PLayerTransaction::Msg_ClearCachedResources) Channel error: cannot send/recv


###!!! [Child][MessageChannel] Error: (msgtype=0x4E0006,name=PLayerTransaction::Msg_ReleaseCompositable) Channel error: cannot send/recv


###!!! [Child][MessageChannel] Error: (msgtype=0x7D0003,name=PTexture::Msg_Destroy) Channel error: cannot send/recv


###!!! [Child][MessageChannel] Error: (msgtype=0x7D0003,name=PTexture::Msg_Destroy) Channel error: cannot send/recv


###!!! [Child][MessageChannel] Error: (msgtype=0x4E0006,name=PLayerTransaction::Msg_ReleaseCompositable) Channel error: cannot send/recv


###!!! [Child][MessageChannel] Error: (msgtype=0x7D0003,name=PTexture::Msg_Destroy) Channel error: cannot send/recv


###!!! [Child][MessageChannel] Error: (msgtype=0x7D0003,name=PTexture::Msg_Destroy) Channel error: cannot send/recv


###!!! [Child][MessageChannel] Error: (msgtype=0x4E0006,name=PLayerTransactio[GFX1-]: Receive IPC close with reason=AbnormalShutdown

###!!! [Child][MessageChannel] Error: (msgtype=0x4E0017,name=PLayerTransaction::Msg_ClearCachedResources) Channel error: cannot send/recv


###!!! [Child][MessageChannel] Error: (msgtype=0x4E0006,name=PLayerTransaction::Msg_ReleaseCompositable) Channel error: cannot send/recv


###!!! [Child][MessageChannel] Error: (msgtype=0x7D0003,name=PTexture::Msg_Destroy) Channel error: cannot send/recv


###!!! [Child][MessageChannel] Error: (msgtype=0x7D0003,name=PTexture::Msg_Destroy) Channel error: cannot send/recv


###!!! [Child][MessageChannel] Error: (msgtype=0x4E0006,name=PLayerTransaction::Msg_ReleaseCompositable) Channel error: cannot send/recv


###!!! [Child][MessageChannel] Error: (msgtype=0x7D0003,name=PTextu
###!!! [Child][MessageChannel] Error: (msgtype=0x4E0017,name=PLayerTransaction::Msg_ClearCachedResources) Channel error: cannot send/recv


###!!! [Child][MessageChannel] Error: (msgtype=0x7D0003,name=PTexture::Msg_Destroy) Channel error: cannot send/recv


###!!! [Child][MessageChannel] Error: (msgtype=0x4E0006,name=PLayerTransaction::Msg_ReleaseCompositable) Channel error: cannot send/recv


###!!! [Child][MessageChannel] Error: (msgtype=0x4E0005,name=PLayerTransaction::Msg_ReleaseLayer) Channel error: cannot send/recv


###!!! [Child][MessageChannel] Error: (msgtype=0x4E0005,name=PLayerTransaction::Msg_ReleaseLayer) Channel error: cannot send/recv


###!!! [Child][MessageChannel] Error: (msgtype=0x4E0020,name=PLayerTransaction::Msg_Shutdown) Channel error: cannot send/recv


###!!! [Child][MessageChannel::SendAndWait] Error: (msgtype=0x290016,name=PCompositorBridge::Msg_WillClose) Channel error: cannot send/recv


###!!! [Child][RunMessage] Error: Channel error: cannot send/recv


###!!! [Child][RunMessage] Error: Channel error: cannot send/recv


###!!! [Child][RunMessage] Error: Channel error: cannot send/recv


###!!! [Child][RunMessage] Error: Channel error: cannot send/recv


###!!! [Child][MessageChannel] Error: (msgtype=0x290009,name=PCompositorBridge::Msg___delete__) Channel error: cannot send/recv

[GFX1-]: Receive IPC close with reason=AbnormalShutdown
Unable to read VR Path Registry from C:\Users\Pactera\AppData\Local\openvr\openvrpaths.vrpath
JavaScript error: jar:file:///C:/Program%20Files%20(x86)/Mozilla%20Firefox/omni.ja!/components/nsAsyncShutdown.js, line 114: Error: We have already registered a distinct blocker with the same name: Crash Reporter: blocking on minidumpgeneration.
console.error: (new Error("SessionFile is closed", "resource:///modules/sessionstore/SessionFile.jsm", 376))
A content process crashed and MOZ_CRASHREPORTER_SHUTDOWN is set, shutting down
[Parent 14176, Gecko_IOThread] WARNING: pipe error: 109: file z:/build/build/src/ipc/chromium/src/chrome/common/ipc_channel_win.cc, line 346
[Parent 14176, Gecko_IOThread] WARNING: pipe error: 109: file z:/build/build/src/ipc/chromium/src/chrome/common/ipc_channel_win.cc, line 346
Unable to read VR Path Registry from C:\Users\Pactera\AppData\Local\openvr\openvrpaths.vrpath
[Child 31804, Chrome_ChildThread] WARNING: pipe error: 109: file z:/build/build/src/ipc/chromium/src/chrome/common/ipc_channel_win.cc, line 346
[Child 31804, Chrome_ChildThread] WARNING: pipe error: 109: file z:/build/build/src/ipc/chromium/src/chrome/common/ipc_channel_win.cc, line 346
Unable to read VR Path Registry from C:\Users\Pactera\AppData\Local\openvr\openvrpaths.vrpath
[GPU 31300, Chrome_ChildThread] WARNING: pipe error: 109: file z:/build/build/src/ipc/chromium/src/chrome/common/ipc_channel_win.cc, line 346
Shutdown.jsm, line 683: Error: Phase "profile-before-change" is finished, it is too late to register completion condition "CrashService waiting for content crash ping to be sent"
[Parent 27120, Gecko_IOThread] WARNING: pipe error: 232: file z:/build/build/src/ipc/chromium/src/chrome/common/ipc_channel_win.cc, line 513
A content process crashed and MOZ_CRASHREPORTER_SHUTDOWN is set, shutting down
sh Reporter: blocking on minidumpgeneration.
console.error: (new Error("SessionFile is closed", "resource:///modules/sessionstore/SessionFile.jsm", 376))
[Parent 17092, Gecko_IOThread] WARNING: pipe error: 109: file z:/build/build/src/ipc/chromium/src/chrome/common/ipc_channel_win.cc, line 346
Unable to read VR Path Registry from C:\Users\Pactera\AppData\Local\openvr\openvrpaths.vrpath
[Child 23400, Chrome_ChildThread] WARNING: pipe error: 109: file z:/build/build/src/ipc/chromium/src/chrome/common/ipc_channel_win.cc, line 346
[Child 23400, Chrome_ChildThread] WARNING: pipe error: 109: file z:/build/build/src/ipc/chromium/src/chrome/common/ipc_channel_win.cc, line 346
JavaScript error: jar:file:///C:/Program%20Files%20(x86)/Mozilla%20Firefox/omni.ja!/components/nsAsyncShutdown.js, line 114: Error: We have already registered a distinct blocker with the same name: Crash Reporter: blocking on minidumpgeneration.
JavaScript error: resource://gre/modules/AsyncShutdown.jsm, line 683: Error: Phase "profile-before-change" is finished, it is too late to register completion condition "CrashService waiting for content crash ping to be sent"
A content process crashed and MOZ_CRASHREPORTER_SHUTDOWN is set, shutting down
JavaScript error: resource://gre/modules/AsyncShutdown.jsm, line 683: Error: Phase "profile-before-change" is finished, it is too late to register completion condition "CrashService waiting for content crash ping to be sent"
JavaScript error: resource://gre/modules/AsyncShutdown.jsm, line 683: Error: Phase "profile-before-change" is finished, it is too late to register completion condition "CrashService waiting for content crash ping to be sent"
JavaScript error: resource://gre/modules/TelemetryController.jsm, line 461: Error: submitExternalPing - Submission is not allowed after shutdown, discarding ping of type: crash

###!!! [Child][MessageChannel::SendAndWait] Error: Channel error: cannot send/recv

 jar:fil
###!!! [Child][RunMessage] Error: Channel error: cannot send/recv


###!!! [Child][RunMessage] Error: Channel error: cannot send/recv


###!!! [Child][MessageChannel] Error: (msgtype=0x290009,name=PCompositorBridge::Msg___delete__) Channel error: cannot send/recv

[GFX1-]: Receive IPC close with reason=AbnormalShutdown
Unable to read VR Path Registry from C:\Users\Pactera\AppData\Local\openvr\openvrpaths.vrpath
JavaScript error: jar:file:///C:/Program%20Files%20(x86)/Mozilla%20Firefox/omni.ja!/components/nsAsyncShutdown.js, line 114: Error: We have already registered a distinct blocker with the same name: Crash Reporter: blocking on minidumpgeneration.
console.error: (new Error("SessionFile is closed", "resource:///modules/sessionstore/SessionFile.jsm", 376))
[Parent 14276, Gecko_IOThread] WARNING: pipe error: 109: file z:/build/build/src/ipc/chromium/src/chrome/common/ipc_channel_win.cc, line 346
Unable to read VR Path Registry from C:\Users\Pactera\AppData\Local\openvr\openvrpaths.vrpath
[Child 25056, Chrome_ChildThread] WARNING: pipe error: 109: file z:/build/build/src/ipc/chromium/src/chrome/common/ipc_channel_win.cc, line 346
[Parent 14276, Gecko_IOThread] WARNING: pipe error: 232: file z:/build/build/src/ipc/chromium/src/chrome/common/ipc_channel_win.cc, line 513
A content process crashed and MOZ_CRASHREPORTER_SHUTDOWN is set, shutting down
Unable to read VR Path Registry from C:\Users\Pactera\AppData\Local\openvr\openvrpaths.vrpath
[Child 32376, Chrome_ChildThread] WARNING: pipe error: 109: file z:/build/build/src/ipc/chromium/src/chrome/common/ipc_channel_win.cc, line 346
[Child 32376, Chrome_ChildThread] WARNING: pipe error: 109: file z:/build/build/src/ipc/chromium/src/chrome/common/ipc_channel_win.cc, line 346
Unable to read VR Path Registry from C:\Users\Pactera\AppData\Local\openvr\openvrpaths.vrpath
[GPU 3976, Chrome_ChildThread] WARNING: pipe error: 109: file z:/build/build/src/ipc/chromium/src/chrome/common/ipc_channel_win.cc, line 346
yncShutdown.jsm, line 683: Error: Phase "profile-before-change" is finished, it is too late to register completion condition "CrashService waiting for content crash ping to be sent"
JavaScript error: resource://gre/modules/AsyncShutdown.jsm, line 683: Error: Phase "profile-before-change" is finished, it is too late to register completion condition "CrashService waiting for content crash ping to be sent"
A content process crashed and MOZ_CRASHREPORTER_SHUTDOWN is set, shutting down

###!!! [Child][MessageChannel::SendAndWait] Error: Channel error: cannot send/recv

t least one completion condition is taking too long to complete. Conditions: [{"name":"Places Connection shutdown","state":{"progress":{}},"filename":"z:/build/build/src/toolkit/components/places/Database.cpp","lineNumber":530,"stack":["jar:file:///C:/Program%20Files%20(x86)/Mozilla%20Firefox/omni.ja!/components/nsAsyncShutdown.js:addBlocker:154","resource://gre/modules/XPCOMUtils.jsm:XPCU_serviceLambda:251","resource://gre/modules/XPCOMUtils.jsm:get:183","resource://gre/modules/PlacesUtils.jsm:get:1894","resource://gre/modules/PlacesUtils.jsm:get toolbarFolderId:1249","jar:file:///C:/Program%20Files%20(x86)/Mozilla%20Firefox/browser/omni.ja!/components/nsBrowserGlue.js:getToolbarFolderCount:1844","jar:file:///C:/Program%20Files%20(x86)/Mozilla%20Firefox/browser/omni.ja!/components/nsBrowserGlue.js:_maybeToggleBookmarkToolbarVisibility:1850","jar:file:///C:/Program%20Files%20(x86)/Mozilla%20Firefox/browser/omni.ja!/components/nsBrowserGlue.js:BG__migrateUI:1874","jar:file:///C:/Program%20Files%20(x86)/Mozilla%20Firefox/browser/omni.ja!/components/nsBrowserGlue.js:BG__beforeUIStartup:698","jar:file:///C:/Program%20Files%20(x86)/Mozilla%20Firefox/browser/omni.ja!/components/nsBrowserGlue.js:BG_observe:399"]}] Barrier: profile-before-change
Unable to read VR Path Registry from C:\Users\Pactera\AppData\Local\openvr\openvrpaths.vrpath
[GPU 16712, Chrome_ChildThread] WARNING: pipe error: 109: file z:/build/build/src/ipc/chromium/src/chrome/common/ipc_channel_win.cc, line 346

###!!! [Child][MessageChannel::SendAndWait] Error: Channel error: cannot send/recv

","state":{"launched":true,"shutdown":false,"worker":true,"pendingReset":false,"latestSent":["Wed Aug 29 2018 18:38:08 GMT+0800","makeDir"],"latestReceived":["Wed Aug 29 2018 18:38:08 GMT+0800",null],"messagesSent":101,"messagesReceived":101,"messagesQueued":101,"DEBUG":false,"clients":[{"name":"CrashMonitor: Writing notifications to file after receiving profile-before-change","state":"(none)","filename":"resource://gre/modules/CrashMonitor.jsm","lineNumber":169,"stack":["resource://gre/modules/CrashMonitor.jsm:init:169","jar:file:///C:/Unable to read VR Path Registry from C:\Users\Pactera\AppData\Local\openvr\openvrpaths.vrpath
[GPU 32288, Chrome_ChildThread] WARNING: pipe error: 109: file z:/build/build/src/ipc/chromium/src/chrome/common/ipc_channel_win.cc, line 346

###!!! [Child][MessageChannel::SendAndWait] Error: Channel error: cannot send/recv

","resource://gre/modules/osfile.jsm:null:11","resource://gre/modules/addons/GMPProvider.jsm:null:13","resource://gre/modules/AddonManager.jsm:startup:800","resource://gre/modules/AddonManager.jsm:startup:2885","jar:file:///C:/Program%20Files%20(x86)/Mozilla%20Firefox/omni.ja!/components/addonManager.js:observe:66"]},{"name":"Places Connection shutdown","state":{"progress":{}},"filename":"z:/build/build/src/toolkit/components/places/Database.cpp","lineNumber":530,"stack":["jar:file:///C:/Program%20Files%20(x86)/Mozilla%20Firefox/omni.ja!/components/nsAsyncShutdown.js:addBlocker:154","resource://gre/modules/XPCOMUtils.jsm:XPCU_serviceLambda:251","resource://gre/modules/XPCOMUtils.jsm:get:183","resource://gre/modules/PlacesUtils.jsm:get:1894","resource://gre/modules/PlacesUtils.jsm:get toolbarFolderId:1249","jar:file:///C:/Program%20Files%20(x86)/Mozilla%20Firefox/browser/omni.ja!/components/nsBrowserGlue.js:getToolbarFolderCounUnable to read VR Path Registry from C:\Users\Pactera\AppData\Local\openvr\openvrpaths.vrpath
[GPU 10576, Chrome_ChildThread] WARNING: pipe error: 109: file z:/build/build/src/ipc/chromium/src/chrome/common/ipc_channel_win.cc, line 346

###!!! [Child][MessageChannel::SendAndWait] Error: Channel error: cannot send/recv

20Firefox/browser/omni.ja!/components/nsBrowserGlue.js:BG__beforeUIStartup:698","jar:file:///C:/Program%20Files%20(x86)/Mozilla%20Firefox/browser/omni.ja!/components/nsBrowserGlue.js:BG_observe:399"]}] Barrier: profile-before-change
JavaScript error: resource://gre/modules/AsyncShutdown.jsm, line 683: Error: Phase "profile-before-change" is finished, it is too late to register completion condition "CrashService waiting for content crash ping to be sent"
Unable to read VR Path Registry from C:\Users\Pactera\AppData\Local\openvr\openvrpaths.vrpath
[GPU 28680, Chrome_ChildThread] WARNING: pipe error: 109: file z:/build/build/src/ipc/chromium/src/chrome/common/ipc_channel_win.cc, line 346

###!!! [Child][MessageChannel::SendAndWait] Error: Channel error: cannot send/recv

returned failure code: 0x80004005 (NS_ERROR_FAILURE) [nsIAppShellService.hiddenDOMWindow]
[Parent 26792, Gecko_IOThread] WARNING: file z:/build/build/src/ipc/chromium/src/base/process_util_win.cc, line 188
WARNING: At least one completion condition is taking too long to complete. Conditions: [{"name":"Places Connection shutdown","state":{"progress":{}},"filename":"z:/build/build/src/toolkit/components/places/Database.cpp","lineNumber":530,"stack":["jar:file:///C:/Program%20Files%20(x86)/Mozilla%20Firefox/omni.ja!/components/nsAsyncShutdown.js:addBlocker:154","resource://gre/modules/XPCOMUtils.jsm:XPCU_serviceLambda:251","resource://gre/modules/XPCOMUtils.jsm:get:183","resource://gre/modules/PlacesUtils.jsm:get:1894","resource://gre/modules/PlacesUtils.jsm:get toolbarFolderId:1249","jar:file:///C:/Program%20Files%20(x86)/Mozilla%20Firefox/browser/omni.ja!/components/nsBrowserGlue.js:getToolbarFolderCount:1844","jar:file:///C:/Program%20Files%20(x86)/Mozilla%20Firefox/browser/omni.ja!/components/nsBrowserGlue.js:_maybeToggleBookmarkToolbarVisibility:1850","jar:file:///C:/Program%20Files%20(x86)/Mozilla%20Firefox/browser/omni.ja!/components/nsBrowserGlue.js:BG__migrateUI:1874","jar:file:///C:/Program%20Files%20(x86)/Mozilla%20Firefox/browser/omni.ja!/components/nsBrowserGlue.js:BG__beforeUIStartup:698","jar:file:///C:/Program%20Files%20(x86)/Mozilla%20Firefox/browser/omni.ja!/components/nsBrowserGlue.js:BG_observe:399"]}] Barrier: profile-before-change
Unable to read VR Path Registry from C:\Users\Pactera\AppData\Local\openvr\openvrpaths.vrpath
[GPU 32096, Chrome_ChildThread] WARNING: pipe error: 109: file z:/build/build/src/ipc/chromium/src/chrome/common/ipc_channel_win.cc, line 346

###!!! [Child][MessageChannel::SendAndWait] Error: Channel error: cannot send/recv

nnel_win.cc, line 346
[Parent 31556, Gecko_IOThread] WARNING: file z:/build/build/src/ipc/chromium/src/base/process_util_win.cc, line 188
WARNING: At least one completion condition is taking too long to complete. Conditions: [{"name":"TelemetryController: shutting down","state":{"initialized":true,"initStarted":true,"haveDelayedInitTask":false,"shutdownBarrier":"Not started","connectionsBarrier":"Not started","sendModule":{"sendingEnabled":false,"pendingPingRequestCount":0,"pendingPingActivityCount":0,"unpersistedPingCount":0,"persistedPingCount":0,"schedulerState":{"shutdown":true,"hasSendTask":false,"sendsFailed":false,"sendTaskState":"bail out - no pings to send","backoffDelay":60000}},"haveDelayedNewProfileTask":false},"filename":"resource://gre/modules/TelemetryController.jsm","lineNumber":701,"stack":["resource://gre/modules/TelemetryController.jsm:setupTelemetry:701","resource://gre/modules/TelemetryController.jsm:observe:815","resource://gre/modules/TelemetryController.jsm:observe:167","jar:file:///C:/Program%20Files%20(x86)/Mozilla%20Firefox/omni.ja!/components/TelemetryStartup.js:TelemetryStartup.prototype.observe:27"]}] Barrier: profile-before-change-telemetry
Unable to read VR Path Registry from C:\Users\Pactera\AppData\Local\openvr\openvrpaths.vrpath
[GPU 16920, Chrome_ChildThread] WARNING: pipe error: 109: file z:/build/build/src/ipc/chromium/src/chrome/common/ipc_channel_win.cc, line 346

###!!! [Child][MessageChannel::SendAndWait] Error: Channel error: cannot send/recv

ld/build/src/ipc/chromium/src/base/process_util_win.cc, line 188
WARNING: At least one completion condition is taking too long to complete. Conditions: [{"name":"Places Connection shutdown","state":{"progress":{}},"filename":"z:/build/build/src/toolkit/components/places/Database.cpp","lineNumber":530,"stack":["jar:file:///C:/Program%20Files%20(x86)/Mozilla%20Firefox/omni.ja!/components/nsAsyncShutdown.js:addBlocker:154","resource://gre/modules/XPCOMUtils.jsm:XPCU_serviceLambda:251","resource://gre/modules/XPCOMUtils.jsm:get:183","resource://gre/modules/PlacesUtils.jsm:get:1894","resource://gre/modules/PlacesUtils.jsm:get toolbarFolderId:1249"Unable to read VR Path Registry from C:\Users\Pactera\AppData\Local\openvr\openvrpaths.vrpath
[GPU 32284, Chrome_ChildThread] WARNING: pipe error: 109: file z:/build/build/src/ipc/chromium/src/chrome/common/ipc_channel_win.cc, line 346
ybeToggleBookmarkToolbarVisibility:1850","jar:file:///C:/Program%20Files%20(x86)/Mozilla%20Firefox/browser/omni.ja!/components/nsBrowserGlue.js:BG__migrateUI:1874","jar:file:///C:/Program%20Files%20(x86)/Mozilla%20Firefox/browser/omni.ja!/components/nsBrowserGlue.js:BG__beforeUIStartup:698","jar:file:///C:/Program%20Files%20(x86)/Mozilla%20Firefox/browser/omni.ja!/components/nsBrowserGlue.js:BG_observe:399"]}] Barrier: profile-before-change
[Parent 16048, Gecko_IOThread] WARNING: pipe error: 232: file z:/build/build/src/ipc/chromium/src/chrome/common/ipc_channel_win.cc, line 513
 TimerManager:registerTimer called after profile-before-change notification. Ignoring timer registration for id: telemetry_modules_ping
Unable to read VR Path Registry from C:\Users\Pactera\AppData\Local\openvr\openvrpaths.vrpath
[GPU 35056, Chrome_ChildThread] WARNING: pipe error: 109: file z:/build/build/src/ipc/chromium/src/chrome/common/ipc_channel_win.cc, line 346

###!!! [Child][MessageChannel::SendAndWait] Error: Channel error: cannot send/recv

1535539210101	geckodriver	INFO	geckodriver 0.19.1
1535539210116	geckodriver	INFO	Listening on 127.0.0.1:58111
1535539212748	mozrunner::runner	INFO	Running command: "C:\\Program Files (x86)\\Mozilla Firefox\\firefox.exe" "-marionette" "-profile" "C:\\Users\\Pactera\\AppData\\Local\\Temp\\rust_mozprofile.sKDtgNtqC0up"
1535539217414	Marionette	INFO	Listening on port 58119
1535539218447	Marionette	WARN	TLS certificate errors will be ignored for this session
Unable to read VR Path Registry from C:\Users\Pactera\AppData\Local\openvr\openvrpaths.vrpath
JavaScript warning: http://11.8.127.248:8080/atq/jslib/jquery-1.10.2.min.js, line 1: Using //@ to indicate sourceMappingURL pragmas is deprecated. Use //# instead
JavaScript warning: http://11.8.127.248:8080/atq/jslib/jquery-1.10.2.min.js, line 1: Using //@ to indicate sourceMappingURL pragmas is deprecated. Use //# instead
1535539373448	addons.productaddons	WARN	Failed downloading XML, status: 0, reason: timeout
1535539416436	addons.productaddons	WARN	Failed downloading via XHR, status: 0, reason: error
1535539506930	addons.productaddons	WARN	Failed downloading via XHR, status: 0, reason: error
Unable to read VR Path Registry from C:\Users\Pactera\AppData\Local\openvr\openvrpaths.vrpath
[Parent 4412, Gecko_IOThread] WARNING: pipe error: 109: file z:/build/build/src/ipc/chromium/src/chrome/common/ipc_channel_win.cc, line 346
Unable to read VR Path Registry from C:\Users\Pactera\AppData\Local\openvr\openvrpaths.vrpath
[Child 27688, Chrome_ChildThread] WARNING: pipe error: 109: file z:/build/build/src/ipc/chromium/src/chrome/common/ipc_channel_win.cc, line 346
[Child 18472, Chrome_ChildThread] WARNING: pipe error: 109: file z:/build/build/src/ipc/chromium/src/chrome/common/ipc_channel_win.cc, line 346
[Parent 4412, Gecko_IOThread] WARNING: file z:/build/build/src/ipc/chromium/src/base/process_util_win.cc, line 188
[Parent 4412, Gecko_IOThread] WARNING: file z:/build/build/src/ipc/chromium/src/base/process_util_win.cc, line 188
[Parent 4412, Gecko_IOThread] WARNING: pipe error: 109: file z:/build/build/src/ipc/chromium/src/chrome/common/ipc_channel_win.cc, line 346
[Parent 4412, Gecko_IOThread] WARNING: file z:/build/build/src/ipc/chromium/src/base/process_util_win.cc, line 188
Unable to read VR Path Registry from C:\Users\Pactera\AppData\Local\openvr\openvrpaths.vrpath
[GPU 28192, Chrome_ChildThread] WARNING: pipe error: 109: file z:/build/build/src/ipc/chromium/src/chrome/common/ipc_channel_win.cc, line 346
/ipc/chromium/src/chrome/common/ipc_channel_win.cc, line 346
Unable to read VR Path Registry from C:\Users\Pactera\AppData\Local\openvr\openvrpaths.vrpath
[Child 19232, Chrome_ChildThread] WARNING: pipe error: 109: file z:/build/build/src/ipc/chromium/src/chrome/common/ipc_channel_win.cc, line 346
[Child 19232, Chrome_ChildThread] WARNING: pipe error: 109: file z:/build/build/src/ipc/chromium/src/chrome/common/ipc_channel_win.cc, line 346
[Parent 33048, Gecko_IOThread] WARNING: pipe error: 109: file z:/build/build/src/ipc/chromium/src/chrome/common/ipc_channel_win.cc, line 346
Unable to read VR Path Registry from C:\Users\Pactera\AppData\Local\openvr\openvrpaths.vrpath
[Child 21012, Chrome_ChildThread] WARNING: pipe error: 109: file z:/build/build/src/ipc/chromium/src/chrome/common/ipc_channel_win.cc, line 346
[Child 21012, Chrome_ChildThread] WARNING: pipe error: 109: file z:/build/build/src/ipc/chromium/src/chrome/common/ipc_channel_win.cc, line 346
aths.vrpath
[Child 31928, Chrome_ChildThread] WARNING: pipe error: 109: file z:/build/build/src/ipc/chromium/src/chrome/common/ipc_channel_win.cc, line 346
[Child 31928, Chrome_ChildThread] WARNING: pipe error: 109: file z:/build/build/src/ipc/chromium/src/chrome/common/ipc_channel_win.cc, line 346

###!!! [Parent][RunMessage] Error: Channel error: cannot send/recv


###!!! [Parent][RunMessage] Error: Channel error: cannot send/recv

Unable to read VR Path Registry from C:\Users\Pactera\AppData\Local\openvr\openvrpaths.vrpath
[Child 25580, Chrome_ChildThread] WARNING: pipe error: 109: file z:/build/build/src/ipc/chromium/src/chrome/common/ipc_channel_win.cc, line 346
[Child 25580Unable to read VR Path Registry from C:\Users\Pactera\AppData\Local\openvr\openvrpaths.vrpath
[Parent 25620, Gecko_IOThread] WARNING: pipe error: 109: file z:/build/build/src/ipc/chromium/src/chrome/common/ipc_channel_win.cc, line 346
[Child 17068, Chrome_ChildThread] WARNING: pipe error: 109: file z:/build/build/src/ipc/chromium/src/chrome/Unable to read VR Path Registry from C:\Users\Pactera\AppData\Local\openvr\openvrpaths.vrpath
[GPU 28420, Chrome_ChildThread] WARNING: pipe error: 109: file z:/build/build/src/ipc/chromium/src/chrome/common/ipc_channel_win.cc, line 346

###!!! [Child][MessageChannel::SendAndWait] Error: Channel error: cannot send/recv

ror: 109: file z:/build/build/src/ipc/chromium/src/chrome/common/ipc_channel_win.cc, line 346
1535539904365	addons.productaddons	WARN	Failed downloading via XHR, status: 0, reason: error
[Parent 25620, Gecko_Unable to read VR Path Registry from C:\Users\Pactera\AppData\Local\openvr\openvrpaths.vrpath
[Unable to read VR Path Registry from C:\Users\Pactera\AppData\Local\openvr\openvrpaths.vrpath
[Child 31996, Chrome_ChildThread] WARNING: pipe error: 109: file z:/build/build/src/ipc/chromium/src/chrome/common/ipc_channel_win.cc, line 346
[Child 31996, Chrome_ChildThread] WARNING: pipe error: 109: file z:/build/build/src/ipc/chromium/src/chrome/common/ipc_channel_win.cc, line 346
Unable to read VR Path Registry from C:\Users\Pactera\AppData\Local\openvr\openvrpaths.vrpath
[GPU 22052, Chrome_ChildThread] WARNING: pipe error: 109: file z:/build/build/src/ipc/chromium/src/chrome/common/ipc_channel_win.cc, line 346
actera\AppData\Local\openvr\openvrpaths.vrpath
[Child 18380, Chrome_ChildThread] WARNING: pipe error: 109: file z:/build/build/src/ipc/chromium/src/chrome/common/ipc_channel_win.cc, line 346
[Child 18380, Chrome_ChildThread] WARNING: pipe error: 109: file z:/build/build/src/ipc/chromium/src/chrome/common/ipc_channel_win.cc, line 346
1535539904439	addons.productaddons	WARN	Failed downloading via XHR, status: 0, reason: error
[Parent 35740, Gecko_IOThread] WARNING: file z:/build/build/src/ipc/chromium/src/base/process_util_win.cc, line 188
[Parent 35740, Gecko_IOThread] WARNING: file z:/build/build/src/ipc/chromium/src/base/process_util_win.cc, line 188
1535539904476	addons.productaddons	WARN	Failed downloading via XHR, status: 0, reason: error
Unable to read VR Path Registry from C:\Users\Pactera\AppData\Local\openvr\openvrpaths.vrpath
[Child 21276, Chrome_ChildThread] WARNING: pipe error: 109: file z:/build/build/src/ipc/chromium/src/chrome/common/ipc_channel_win.cc, line 346
[Child 21276, Chrome_ChildThread] WARNING: pipe error: 109: file z:/build/build/src/ipc/chromium/src/chrome/common/ipc_channel_win.cc, line 346
*** UTM:SVC TimerManager:registerTimer called after profile-before-change notification. Ignoring timer registration for id: telemetry_modules_ping
Unable to read VR Path Registry from C:\Users\Pactera\AppData\Local\openvr\openvrpaths.vrpath
[GPU 20832, Chrome_ChildThread] WARNING: pipe error: 109: file z:/build/build/src/ipc/chromium/src/chrome/common/ipc_channel_win.cc, line 346
1535539932059	geckodriver	INFO	geckodriver 0.19.1
1535539932073	geckodriver	INFO	Listening on 127.0.0.1:59680
1535539934986	mozrunner::runner	INFO	Running command: "C:\\Program Files (x86)\\Mozilla Firefox\\firefox.exe" "-marionette" "-profile" "C:\\Users\\Pactera\\AppData\\Local\\Temp\\rust_mozprofile.SvZDTbRrX0bA"
1535539939155	Marionette	INFO	Listening on port 59688
1535539940248	Marionette	WARN	TLS certificate errors will be ignored for this session
Unable to read VR Path Registry from C:\Users\Pactera\AppData\Local\openvr\openvrpaths.vrpath
JavaScript warning: http://11.8.127.248:8080/atq/jslib/jquery-1.10.2.min.js, line 1: Using //@ to indicate sourceMappingURL pragmas is deprecated. Use //# instead
JavaScript warning: http://11.8.127.248:8080/atq/jslib/jquery-1.10.2.min.js, line 1: Using //@ to indicate sourceMappingURL pragmas is deprecated. Use //# instead
1535540004333	addons.productaddons	WARN	Failed downloading XML, status: 0, reason: timeout
1535540047152	addons.productaddons	WARN	Failed downloading via XHR, status: 0, reason: error
1535540137203	addons.productaddons	WARN	Failed downloading via XHR, status: 0, reason: error
JavaScript warning: http://11.8.127.248:8080/atq/jslib/jquery-1.10.2.min.js, line 1: Using //@ to indicate sourceMappingURL pragmas is deprecated. Use //# instead
Unable to read VR Path Registry from C:\Users\Pactera\AppData\Local\openvr\openvrpaths.vrpath
[Parent 24540, Gecko_IOThread] WARNING: pipe error: 109: file z:/build/build/src/ipc/chromium/src/chrome/common/ipc_channel_win.cc, line 346
Unable to read VR Path Registry from C:\Users\Pactera\AppData\Local\openvr\openvrpaths.vrpath
[Child 19184, Chrome_ChildThread] WARNING: pipe error: 109: file z:/build/build/src/ipc/chromium/src/chrome/common/ipc_channel_win.cc, line 346
[Child 22328, Chrome_ChildThread] WARNING: pipe error: 109: file z:/build/build/src/ipc/chromium/src/chrome/common/ipc_channel_win.cc, line 346
[Child 22328, Chrome_ChildThread] WARNING: pipe error: 109: file z:/build/build/src/ipc/chromium/src/chrome/common/ipc_channel_win.cc, line 346
[Parent 24540, Gecko_IOThread] WARNING: file z:/build/build/src/ipc/chromium/src/base/process_util_win.cc, line 188
Unable to read VR Path Registry from C:\Users\Pactera\AppData\Local\openvr\openvrpaths.vrpath
[GPU 31636, Chrome_CUnable to read VR Path Registry from C:\Users\Pactera\AppData\Local\openvr\openvrpaths.vrpath
[Child 22908, Chrome_ChildThread] WARNING: pipe error: 109: file z:/build/build/src/ipc/chromium/src/chrome/common/ipc_channel_win.cc, line 346
[Child 22908, Chrome_ChildThread] WARNING: pipe error: 109: file z:/build/build/src/ipc/chromium/src/chrome/common/ipc_channel_win.cc, line 346
Unable to read VR Path Registry from C:\Users\Pactera\AppData\Local\openvr\openvrpaths.vrpath
[Parent 29176, Gecko_IOThread] WARNING: pipe error: 109: file z:/build/build/src/ipc/chromium/src/chrome/common/ipc_channel_win.cc, line 346

###!!! [Parent][MessageChannel] Error: (msgtype=0x16008C,name=PBrowser::Msg_UpdateNativeWindowHandle) Closed channel: cannot send/recv


###!!! [Parent][MessageChannel] Error: (msgtype=0x16007F,name=PBrowser::Msg_Destroy) Closed channel: cannot send/recv

[Child 13248, Chrome_ChildThread] WARNING: pipe error: 109: file z:/build/build/src/ipc/chromium/src/chrome/common/ipc_channel_win.cc, line 346

###!!! [Child][MessageChannel] Error: (msgtype=0x160001,name=PBrowser::Msg_AsyncMessage) Closed channel: cannot send/recv

JavaScript error: chrome://browser/content/tab-content.js, line 282: NS_ERROR_UNEXPECTED: 

###!!! [Child][MessageChannel] Error: (msgtype=0x160001,name=PBrowser::Msg_AsyncMessage) Closed channel: cannot send/recv

JavaScript error: chrome://browser/content/content.js, line 963: NS_ERROR_UNEXPECTED: 

###!!! [Child][MessageChannel] Error: (msgtype=0x16002B,name=PBrowser::Msg_SetInputContext) Closed channel: cannot send/recv

Unable to read VR Path Registry from C:\Users\Pactera\AppData\Local\openvr\openvrpaths.vrpath
[Child 32660, Chrome_ChildThread] WARNING: pipe error: 109: file z:/build/build/src/ipc/chromium/src/chrome/common/ipc_channel_win.cc, line 346
[Child 32660, Chrome_ChildThread] WARNING: pipe error: 109: file z:/build/build/src/ipc/chromium/src/chrome/common/ipc_channel_win.cc, line 346
server.js:242
_onJSONObjectReady/<()@transport.js:500
Unable to read VR Path Registry from C:\Users\Pactera\AppData\Local\openvr\openvrpaths.vrpath
[Child 16504, Chrome_ChildThread] WARNING: pipe error: 109: file z:/build/build/src/ipc/chromium/src/chrome/common/ipc_channel_win.cc, line 346
[Child 16504, Chrome_ChildThread] WARNING: pipe error: 109: file z:/build/build/src/ipc/chromium/src/chrome/common/ipc_channel_win.cc, line 346
1535722651647	geckodriver	INFO	geckodriver 0.19.1
1535722651709	geckodriver	INFO	Listening on 127.0.0.1:2821
1535722654631	mozrunner::runner	INFO	Running command: "C:\\Program Files (x86)\\Mozilla Firefox\\firefox.exe" "-marionette" "-profile" "C:\\Users\\Pactera\\AppData\\Local\\Temp\\rust_mozprofile.DM2YhD0JgqQd"
1535722661557	Marionette	INFO	Listening on port 2832
1535722661821	Marionette	WARN	TLS certificate errors will be ignored for this session
[GFX1-]: GFX: D3D11 detected a device reset in ResizeBuffers
[GFX1-]: Could not resize the swapchain (0x90,0x1)
[GFX1-]: (gfxWindowsPlatform) Detected device reset: 3
[GFX1-]: (gfxWindowsPlatform) scheduled device update.
[GFX1-]: Could not resize the swapchain (0x90,0x1)
[GFX1-]: Could not resize the swapchain (0x90,0x1)
[GFX1-]: Could not resize the swapchain (0x90,0x1)
[GFX1-]: Could not resize the swapchain (0x90,0x1)
[GFX1-]: Could not resize the swapchain (0x90,0x1)
[GFX1-]: Could not resize the swapchain (0x90,0x1)
[GFX1-]: Could not resize the swapchain (0x90,0x1)
[GFX1-]: Could not resize the swapchain (0x90,0x1)
[GFX1-]: Could not resize the swapchain (0x90,0x1)
[GFX1-]: Could not resize the swapchain (0x90,0x1)
[GFX1-]: Could not resize the swapchain (0x90,0x1)
[GFX1-]: Could not resize the swapchain (0x90,0x1)
[GFX1-]: Could not resize the swapchain (0x90,0x1)
[GFX1-]: Could not resize the swapchain (0x90,0x1)
[GFX1-]: (gfxWindowsPlatform) Detected device reset: 3
[GFX1-]: (gfxWindowsPlatform) scheduled device update.
[GFX1-]: Failed to create a D3D11 content device: 0x8007000e
[GFX1-]: Failed to create a D3D11 content device: 0x8007000e
[GFX1-]: Failed to create a D3D11 content device: 0x8007000e
Unable to read VR Path Registry from C:\Users\Pactera\AppData\Local\openvr\openvrpaths.vrpath
[Parent 5828, Gecko_IOThread] WARNING: pipe error: 109: file z:/build/build/src/ipc/chromium/src/chrome/common/ipc_channel_win.cc, line 346
[Parent 5828, Gecko_IOThread] WARNING: pipe error: 109: file z:/build/build/src/ipc/chromium/src/chrome/common/ipc_channel_win.cc, line 346
Unable to read VR Path Registry from C:\Users\Pactera\AppData\Local\openvr\openvrpaths.vrpath
[Child 10140, Chrome_ChildThread] WARNING: pipe error: 109: file z:/build/build/src/ipc/chromium/src/chrome/common/ipc_channel_win.cc, line 346
Unable to read VR Path Registry from C:\Users\Pactera\AppData\Local\openvr\openvrpaths.vrpath
[Child 5480, Chrome_ChildThUnable to read VR Path Registry from C:\Users\Pactera\AppData\Local\openvr\openvrpaths.vrpath
[Child 11772, Chrome_ChildThread] WARNING: pipe error: 109: file z:/build/build/src/ipc/chromium/src/chrome/common/ipc_channel_win.cc, line 346
Unable to read VR Path Registry from C:\Users\Pactera\AppData\Local\openvr\openvrpaths.vrpath
[Parent 3148, Gecko_IOThread] WARNING: pipe error: 109: file z:/build/build/src/ipc/chromium/src/chrome/common/ipc_channel_win.cc, line 346
Unable to read VR Path Registry from C:\Users\Pactera\AppData\Local\openvr\openvrpaths.vrpath
[Child 11652, Chrome_ChildThread] WARNING: pipe error: 109: file z:/build/build/src/ipc/chromium/src/chrome/common/ipc_channel_win.cc, line 346
[Child 11652, Chrome_ChildThread] WARNING: pipe error: 109: file z:/build/build/src/ipc/chromium/src/chrome/common/ipc_channel_win.cc, liUnable to read VR Path Registry from C:\Users\Pactera\AppData\Local\openvr\openvrpaths.vrpath
[Parent 8200, Gecko_IOThread] WARNING: pipe error: 109: file z:/build/build/src/ipc/chromium/src/chrome/common/ipc_channel_win.cc, line 346
[Parent 8200, Gecko_IOThread] WARNING: pipe error: 109: file z:/build/build/src/ipc/chromium/src/chrome/common/ipc_channel_win.cc, line 346
Unable to read VR Path Registry from C:\Users\Pactera\AppData\Local\openvr\openvrpaths.vrpath
[Child 11672, Chrome_ChildThread] WARNING: pipe error: 109: file z:/build/build/src/ipc/chromium/src/chrome/common/ipc_channel_win.cc, line 346
[Child 11672, Chrome_ChildThread] WARNING: pipe error: 109: file z:/build/build/src/ipc/chromium/src/chrome/common/ipc_channel_win.cc, line 346
Unable to read VR Path Registry from C:\Users\Pactera\AppData\Local\openvr\openvrpaths.vrpath
[Child 13088, Chrome_ChildThread] WARNING: pipe error: 109: file z:/build/build/src/ipc/chromium/src/chrome/common/ipc_channel_win.cc, line 346
[Child 13088, Chrome_ChildThread] WARNING: pipe error: 109: file z:/build/build/src/ipc/chromium/src/chrome/common/ipc_channel_win.cc, line 346
Unable to read VR Path Registry from C:\Users\Pactera\AppData\Local\openvr\openvrpaths.vrpath
[Child 13240, Chrome_ChildThread] WARNING: pipe error: 109: file z:/build/build/src/ipc/chromium/src/chrome/common/ipc_channel_win.cc, line 346
[Child 13240, Chrome_ChildThread] WARNING: pipe error: 109: file z:/build/build/src/ipc/chromium/src/chrome/common/ipc_channel_win.cc, line 346
Unable to read VR Path Registry from C:\Users\Pactera\AppData\Local\openvr\openvrpaths.vrpath
[GPU 9396, Chrome_ChildThread] WARNING: pipe error: 109: file z:/build/build/src/ipc/chromium/src/chrome/common/ipc_channel_win.cc, line 346
1536650932414	geckodriver	INFO	geckodriver 0.19.1
1536650932628	geckodriver	INFO	Listening on 127.0.0.1:63627
1536650935301	mozrunner::runner	INFO	Running command: "C:\\Program Files (x86)\\Mozilla Firefox\\firefox.exe" "-marionette" "-profile" "C:\\Users\\Pactera\\AppData\\Local\\Temp\\rust_mozprofile.oheI4U4WOPG9"
1536650939646	Marionette	INFO	Listening on port 63636
1536650940666	Marionette	WARN	TLS certificate errors will be ignored for this session
Unable to read VR Path Registry from C:\Users\Pactera\AppData\Local\openvr\openvrpaths.vrpath
JavaScript warning: http://11.8.121.150:7001/GDNY_CZ/Frame/resources/js/jquery/jquery-1.9.1.min.js, line 1: Using //@ to indicate sourceMappingURL pragmas is deprecated. Use //# instead
JavaScript warning: http://11.8.121.150:7001/GDNY_CZ/Frame/resources/js/jquery/jquery-1.9.1.min.js, line 1: Using //@ to indicate sourceMappingURL pragmas is deprecated. Use //# instead
JavaScript warning: http://11.8.121.150:7001/GDNY_CZ/Frame/resources/js/jquery/jquery-1.9.1.min.js, line 1: Using //@ to indicate sourceMappingURL pragmas is deprecated. Use //# instead
JavaScript warning: http://11.8.121.150:7001/GDNY_CZ/Frame/resources/js/jquery/jquery-1.9.1.min.js, line 1: Using //@ to indicate sourceMappingURL pragmas is deprecated. Use //# instead
JavaScript error: http://11.8.121.150:7001/GDNY_CZ/Frame/page/js/as_control.js, line 105: TypeError: window.showModalDialog is not a function
JavaScript error: http://11.8.121.150:7001/GDNY_CZ/Frame/page/js/as_control.js, line 105: TypeError: window.showModalDialog is not a function
1536651397741	addons.productaddons	WARN	Failed downloading XML, status: 0, reason: timeout
1536651440206	addons.productaddons	WARN	Failed downloading via XHR, status: 0, reason: error
1536651531093	addons.productaddons	WARN	Failed downloading via XHR, status: 0, reason: error
[Child 17144, Chrome_ChildThread] WARNING: pipe error: 109: file z:/build/build/src/ipc/chromium/src/chrome/common/ipc_channel_win.cc, line 346
[Child 17144, Chrome_ChildThread] WARNING: pipe error: 109: file z:/build/build/src/ipc/chromium/src/chrome/common/ipc_channel_win.cc, line 346
Unable to read VR Path Registry from C:\Users\Pactera\AppData\Local\openvr\openvrpaths.vrpath
[Child 24148, Chrome_ChildThread] WARNING: pipe error: 109: file z:/build/build/src/ipc/chromium/src/chrome/common/ipc_channel_win.cc, line 346
[Child 24148, Chrome_ChildThread] WARNING: pipe error: 109: file z:/build/build/src/ipc/chromium/src/chrome/common/ipc_channel_win.cc, line 346
Unable to read VR Path Registry from C:\Users\Pactera\AppData\Local\openvr\openvrpaths.vrpath
[Parent 24404, Gecko_IOThread] WARNING: pipe error: 109: file z:/build/build/src/ipc/chromium/src/chrome/common/ipc_channel_win.cc, line 346
Unable to read VR Path Registry from C:\Users\Pactera\AppData\Local\openvr\openvrpaths.vrpath
[Child 24348, Chrome_ChildThread] WARNING: pipe error: 109: file z:/build/build/src/ipc/chromium/src/chrome/common/ipc_channel_win.cc, line 346
[Child 24348, Chrome_ChildThread] WARNING: pipe error: 109: file z:/build/build/src/ipc/chromium/src/chrome/common/ipc_channel_win.cc, line 346
Unable to read VR Path Registry from C:\Users\Pactera\AppData\Local\openvr\openvrpaths.vrpath
[GPU 24364, Chrome_ChildThread] WARNING: pipe error: 109: file z:/build/build/src/ipc/chromium/src/chrome/common/ipc_channel_win.cc, line 346
e 105: TypeError: window.showModalDialog is not a function
Unable to read VR Path Registry from C:\Users\Pactera\AppData\Local\openvr\openvrpaths.vrpath
[Parent 25104, Gecko_IOThread] WARNING: pipe error: 109: file z:/build/build/src/ipc/chromium/src/chrome/common/ipc_channel_win.cc, line 346
[Child 23808, Chrome_ChildThread] WARNING: pipe error: 109: file z:/build/build/src/ipc/chromium/src/chrome/common/ipc_channel_win.cc, line 346
[Parent 25104, Gecko_IOThread] WARNING: pipe error: 109: file z:/build/build/src/ipc/chromium/src/chrome/common/ipc_channel_win.cc, line 346
Unable to read VR Path Registry from C:\Users\Pactera\AppData\Local\openvr\openvrpaths.vrpath
[Child 23892, Chrome_ChildThread] WARNING: pipe error: 109: file z:/build/build/src/ipc/chromium/src/chrome/common/ipc_channel_win.cc, line 346
[Parent 25104, Gecko_IOThread] WARNING: pipe error: 109: file z:/build/build/src/ipc/chromium/src/chrome/common/ipc_channel_win.cc, line 346
Unable to read VR Path Registry from C:\Users\Pactera\AppData\Local\openvr\openvrpaths.vrpath
[Child 25560, Chrome_ChildThread] WARNING: pipe error: 109: file z:/build/build/src/ipc/chromium/src/chrome/common/ipc_channel_win.cc, line 346
[Child 25560, Chrome_ChildThread] WARNING: pipe error: 109: file z:/build/build/src/ipc/chromium/src/chrome/common/ipc_channel_win.cc, line 346
[Parent 25104, Gecko_IOThread] WARNING: file z:/build/build/src/ipc/chromium/src/base/process_util_win.cc, line 188
1536658093007	geckodriver	INFO	geckodriver 0.19.1
1536658093050	geckodriver	INFO	Listening on 127.0.0.1:5552
1536658095925	mozrunner::runner	INFO	Running command: "C:\\Program Files (x86)\\Mozilla Firefox\\firefox.exe" "-marionette" "-profile" "C:\\Users\\Pactera\\AppData\\Local\\Temp\\rust_mozprofile.dvhpA8DyvLPw"
1536658100084	Marionette	INFO	Listening on port 5562
1536658100187	Marionette	WARN	TLS certificate errors will be ignored for this session
1536658100239	Marionette	DEBUG	[6442450945] Frame script loaded
1536658100241	Marionette	DEBUG	[6442450945] Frame script registered
1536658103797	Marionette	DEBUG	[6442450945] Received DOM event beforeunload for about:blank
1536658103856	Marionette	DEBUG	[6442450945] Received DOM event pagehide for about:blank
1536658104001	Marionette	DEBUG	[6442450945] Received DOM event DOMContentLoaded for http://11.8.121.150:7001/GDNY_CZ/logon.html
1536658104126	Marionette	DEBUG	[6442450945] Received DOM event pageshow for http://11.8.121.150:7001/GDNY_CZ/logon.html
1536658104269	Marionette	DEBUG	[6442450945] Received DOM event beforeunload for http://11.8.121.150:7001/GDNY_CZ/logon.html
1536658105895	Marionette	DEBUG	[6442450945] Received DOM event pagehide for http://11.8.121.150:7001/GDNY_CZ/logon.html
1536658105897	Marionette	DEBUG	[6442450945] Received DOM event unload for http://11.8.121.150:7001/GDNY_CZ/logon.html
1536658105902	Marionette	DEBUG	[6442450945] Received DOM event beforeunload for http://11.8.121.150:7001/GDNY_CZ/Logon.jsp
1536658105904	Marionette	DEBUG	[6442450945] Received DOM event pageshow for http://11.8.121.150:7001/GDNY_CZ/Logon.jsp
1536658105932	Marionette	DEBUG	[6442450945] Received DOM event DOMContentLoaded for http://11.8.121.150:7001/GDNY_CZ/Logon.jsp
1536658106414	Marionette	DEBUG	[6442450945] Received DOM event unload for http://11.8.121.150:7001/GDNY_CZ/Logon.jsp
JavaScript warning: http://11.8.121.150:7001/GDNY_CZ/Frame/resources/js/jquery/jquery-1.9.1.min.js, line 1: Using //@ to indicate sourceMappingURL pragmas is deprecated. Use //# instead
1536658107190	Marionette	DEBUG	[6442450945] Received DOM event DOMContentLoaded for http://11.8.121.150:7001/GDNY_CZ/ao?aoID=C2018091116562903402209205100043
JavaScript warning: http://11.8.121.150:7001/GDNY_CZ/Frame/resources/js/jquery/jquery-1.9.1.min.js, line 1: Using //@ to indicate sourceMappingURL pragmas is deprecated. Use //# instead
JavaScript warning: http://11.8.121.150:7001/GDNY_CZ/Frame/resources/js/jquery/jquery-1.9.1.min.js, line 1: Using //@ to indicate sourceMappingURL pragmas is deprecated. Use //# instead
JavaScript warning: http://11.8.121.150:7001/GDNY_CZ/Frame/resources/js/jquery/jquery-1.9.1.min.js, line 1: Using //@ to indicate sourceMappingURL pragmas is deprecated. Use //# instead
1536658109299	Marionette	DEBUG	[6442450945] Received DOM event pageshow for http://11.8.121.150:7001/GDNY_CZ/ao?aoID=C2018091116562903402209205100043
1536658175766	addons.productaddons	WARN	Failed downloading XML, status: 0, reason: timeout
1536658218293	addons.productaddons	WARN	Failed downloading via XHR, status: 0, reason: error
[Parent 23800, Gecko_IOThread] WARNING: pipe error: 109: file z:/build/build/src/ipc/chromium/src/chrome/common/ipc_channel_win.cc, line 346
[Parent 23800, Gecko_IOThread] WARNING: pipe error: 109: file z:/build/build/src/ipc/chromium/src/chrome/common/ipc_channel_win.cc, line 346
[Child 13904, Chrome_ChildThread] WARNING: pipe error: 109: file z:/build/build/src/ipc/chromium/src/chrome/common/ipc_channel_win.cc, line 346
[Child 13904, Chrome_ChildThread] WARNING: pipe error: 109: file z:/build/build/src/ipc/chromium/src/chrome/common/ipc_channel_win.cc, line 346
[Child 4240, Chrome_ChildThread] WARNING: pipe error: 109: file z:/build/build/src/ipc/chromium/src/chrome/common/ipc_channel_win.cc, line 346
[Child 4240, Chrome_ChildThread] WARNING: pipe error: 109: file z:/build/build/src/ipc/chromium/src/chrome/common/ipc_channel_win.cc, line 346
1536658238520	addons.productaddons	WARN	Failed downloading via XHR, status: 0, reason: error
[Parent 23800, Gecko_IOThread] WARNING: file z:/build/build/src/ipc/chromium/src/base/process_util_win.cc, line 188
[Parent 23800, Gecko_IOThread] WARNING: pipe error: 109: file z:/build/build/src/ipc/chromium/src/chrome/common/ipc_channel_win.cc, line 346
[Child 12780, Chrome_ChildThread] WARNING: pipe error: 109: file z:/build/build/src/ipc/chromium/src/chrome/common/ipc_channel_win.cc, line 346
[Parent 23800, Gecko_IOThread] WARNING: file z:/build/build/src/ipc/chromium/src/base/process_util_win.cc, line 188
1536658239305	Marionette	INFO	Stopped listening on port 5562

###!!! [Child][MessageChannel::SendAndWait] Error: Channel error: cannot send/recv

